2018-07-23 13:25:34 FATAL TestLog4j:11:com.scp.maven.TestNg.TestLog4j - This is fatal msg
2018-07-23 13:25:34 ERROR TestLog4j:12:com.scp.maven.TestNg.TestLog4j - This is error msg
2018-07-23 13:25:34 WARN  TestLog4j:13:com.scp.maven.TestNg.TestLog4j - This is warn msg
2018-07-23 13:25:34 INFO  TestLog4j:14:com.scp.maven.TestNg.TestLog4j - This is info msg
2018-07-23 13:33:49 FATAL TestLog4j:17:com.scp.maven.TestNg.TestLog4j - This is fatal msg
2018-07-23 13:33:49 ERROR TestLog4j:18:com.scp.maven.TestNg.TestLog4j - This is error msg
2018-07-23 13:33:49 WARN  TestLog4j:19:com.scp.maven.TestNg.TestLog4j - This is warn msg
2018-07-23 13:33:49 INFO  TestLog4j:20:com.scp.maven.TestNg.TestLog4j - This is info msg
2018-07-23 13:33:49 DEBUG TestLog4j:21:com.scp.maven.TestNg.TestLog4j - This is debug msg
2018-07-23 13:33:49 TRACE TestLog4j:22:com.scp.maven.TestNg.TestLog4j - This is trace msg
2018-07-23 13:34:09 FATAL TestLog4j:17:com.scp.maven.TestNg.TestLog4j - This is fatal msg
2018-07-23 13:34:09 ERROR TestLog4j:18:com.scp.maven.TestNg.TestLog4j - This is error msg
2018-07-23 13:34:09 WARN  TestLog4j:19:com.scp.maven.TestNg.TestLog4j - This is warn msg
2018-07-23 13:34:09 INFO  TestLog4j:20:com.scp.maven.TestNg.TestLog4j - This is info msg
2018-07-23 13:34:09 DEBUG TestLog4j:21:com.scp.maven.TestNg.TestLog4j - This is debug msg
2018-07-23 13:34:09 TRACE TestLog4j:22:com.scp.maven.TestNg.TestLog4j - This is trace msg
2018-07-23 13:34:29 FATAL TestLog4j:17:com.scp.maven.TestNg.TestLog4j - This is fatal msg
2018-07-23 13:34:29 ERROR TestLog4j:18:com.scp.maven.TestNg.TestLog4j - This is error msg
2018-07-23 13:34:29 WARN  TestLog4j:19:com.scp.maven.TestNg.TestLog4j - This is warn msg
2018-07-23 13:34:29 INFO  TestLog4j:20:com.scp.maven.TestNg.TestLog4j - This is info msg
2018-07-23 13:34:29 DEBUG TestLog4j:21:com.scp.maven.TestNg.TestLog4j - This is debug msg
2018-07-23 13:34:29 TRACE TestLog4j:22:com.scp.maven.TestNg.TestLog4j - This is trace msg
2018-07-23 13:34:49 FATAL TestLog4j:17:com.scp.maven.TestNg.TestLog4j - This is fatal msg
2018-07-23 13:34:49 ERROR TestLog4j:18:com.scp.maven.TestNg.TestLog4j - This is error msg
2018-07-23 13:34:49 WARN  TestLog4j:19:com.scp.maven.TestNg.TestLog4j - This is warn msg
2018-07-23 13:34:49 INFO  TestLog4j:20:com.scp.maven.TestNg.TestLog4j - This is info msg
2018-07-23 13:34:49 DEBUG TestLog4j:21:com.scp.maven.TestNg.TestLog4j - This is debug msg
2018-07-23 13:34:49 TRACE TestLog4j:22:com.scp.maven.TestNg.TestLog4j - This is trace msg
2018-07-23 13:35:09 FATAL TestLog4j:17:com.scp.maven.TestNg.TestLog4j - This is fatal msg
2018-07-23 13:35:09 ERROR TestLog4j:18:com.scp.maven.TestNg.TestLog4j - This is error msg
2018-07-23 13:35:09 WARN  TestLog4j:19:com.scp.maven.TestNg.TestLog4j - This is warn msg
2018-07-23 13:35:09 INFO  TestLog4j:20:com.scp.maven.TestNg.TestLog4j - This is info msg
2018-07-23 13:35:09 DEBUG TestLog4j:21:com.scp.maven.TestNg.TestLog4j - This is debug msg
2018-07-23 13:35:09 TRACE TestLog4j:22:com.scp.maven.TestNg.TestLog4j - This is trace msg
2018-07-23 13:35:29 FATAL TestLog4j:17:com.scp.maven.TestNg.TestLog4j - This is fatal msg
2018-07-23 13:35:29 ERROR TestLog4j:18:com.scp.maven.TestNg.TestLog4j - This is error msg
2018-07-23 13:35:29 WARN  TestLog4j:19:com.scp.maven.TestNg.TestLog4j - This is warn msg
2018-07-23 13:35:29 INFO  TestLog4j:20:com.scp.maven.TestNg.TestLog4j - This is info msg
2018-07-23 13:35:29 DEBUG TestLog4j:21:com.scp.maven.TestNg.TestLog4j - This is debug msg
2018-07-23 13:35:29 TRACE TestLog4j:22:com.scp.maven.TestNg.TestLog4j - This is trace msg
2018-07-23 13:35:49 FATAL TestLog4j:17:com.scp.maven.TestNg.TestLog4j - This is fatal msg
2018-07-23 13:35:49 ERROR TestLog4j:18:com.scp.maven.TestNg.TestLog4j - This is error msg
2018-07-23 13:35:49 WARN  TestLog4j:19:com.scp.maven.TestNg.TestLog4j - This is warn msg
2018-07-23 13:35:49 INFO  TestLog4j:20:com.scp.maven.TestNg.TestLog4j - This is info msg
2018-07-23 13:35:49 DEBUG TestLog4j:21:com.scp.maven.TestNg.TestLog4j - This is debug msg
2018-07-23 13:35:49 TRACE TestLog4j:22:com.scp.maven.TestNg.TestLog4j - This is trace msg
2018-07-23 13:36:09 FATAL TestLog4j:17:com.scp.maven.TestNg.TestLog4j - This is fatal msg
2018-07-23 13:36:09 ERROR TestLog4j:18:com.scp.maven.TestNg.TestLog4j - This is error msg
2018-07-23 13:36:09 WARN  TestLog4j:19:com.scp.maven.TestNg.TestLog4j - This is warn msg
2018-07-23 13:36:09 INFO  TestLog4j:20:com.scp.maven.TestNg.TestLog4j - This is info msg
2018-07-23 13:36:09 DEBUG TestLog4j:21:com.scp.maven.TestNg.TestLog4j - This is debug msg
2018-07-23 13:36:09 TRACE TestLog4j:22:com.scp.maven.TestNg.TestLog4j - This is trace msg
2018-07-23 13:36:29 FATAL TestLog4j:17:com.scp.maven.TestNg.TestLog4j - This is fatal msg
2018-07-23 13:36:29 ERROR TestLog4j:18:com.scp.maven.TestNg.TestLog4j - This is error msg
2018-07-23 13:36:29 WARN  TestLog4j:19:com.scp.maven.TestNg.TestLog4j - This is warn msg
2018-07-23 13:36:29 INFO  TestLog4j:20:com.scp.maven.TestNg.TestLog4j - This is info msg
2018-07-23 13:36:29 DEBUG TestLog4j:21:com.scp.maven.TestNg.TestLog4j - This is debug msg
2018-07-23 13:36:29 TRACE TestLog4j:22:com.scp.maven.TestNg.TestLog4j - This is trace msg
2018-07-23 13:36:49 FATAL TestLog4j:17:com.scp.maven.TestNg.TestLog4j - This is fatal msg
2018-07-23 13:36:49 ERROR TestLog4j:18:com.scp.maven.TestNg.TestLog4j - This is error msg
2018-07-23 13:36:49 WARN  TestLog4j:19:com.scp.maven.TestNg.TestLog4j - This is warn msg
2018-07-23 13:36:49 INFO  TestLog4j:20:com.scp.maven.TestNg.TestLog4j - This is info msg
2018-07-23 13:36:49 DEBUG TestLog4j:21:com.scp.maven.TestNg.TestLog4j - This is debug msg
2018-07-23 13:36:49 TRACE TestLog4j:22:com.scp.maven.TestNg.TestLog4j - This is trace msg
2018-07-23 13:47:59 FATAL TestLog4j:17:com.scp.maven.TestNg.TestLog4j - This is fatal msg
2018-07-23 13:47:59 ERROR TestLog4j:18:com.scp.maven.TestNg.TestLog4j - This is error msg
2018-07-23 13:47:59 WARN  TestLog4j:19:com.scp.maven.TestNg.TestLog4j - This is warn msg
2018-07-23 13:47:59 INFO  TestLog4j:20:com.scp.maven.TestNg.TestLog4j - This is info msg
2018-07-23 13:47:59 DEBUG TestLog4j:21:com.scp.maven.TestNg.TestLog4j - This is debug msg
2018-07-23 13:47:59 TRACE TestLog4j:22:com.scp.maven.TestNg.TestLog4j - This is trace msg
2018-07-23 13:48:19 FATAL TestLog4j:17:com.scp.maven.TestNg.TestLog4j - This is fatal msg
2018-07-23 13:48:19 ERROR TestLog4j:18:com.scp.maven.TestNg.TestLog4j - This is error msg
2018-07-23 13:48:19 WARN  TestLog4j:19:com.scp.maven.TestNg.TestLog4j - This is warn msg
2018-07-23 13:48:19 INFO  TestLog4j:20:com.scp.maven.TestNg.TestLog4j - This is info msg
2018-07-23 13:48:19 DEBUG TestLog4j:21:com.scp.maven.TestNg.TestLog4j - This is debug msg
2018-07-23 13:48:19 TRACE TestLog4j:22:com.scp.maven.TestNg.TestLog4j - This is trace msg
2018-07-23 13:49:03 FATAL TestLog4j:17:com.scp.maven.TestNg.TestLog4j - This is fatal msg
2018-07-23 13:49:04 ERROR TestLog4j:18:com.scp.maven.TestNg.TestLog4j - This is error msg
2018-07-23 13:49:04 WARN  TestLog4j:19:com.scp.maven.TestNg.TestLog4j - This is warn msg
2018-07-23 13:49:04 INFO  TestLog4j:20:com.scp.maven.TestNg.TestLog4j - This is info msg
2018-07-23 13:49:04 DEBUG TestLog4j:21:com.scp.maven.TestNg.TestLog4j - This is debug msg
2018-07-23 13:49:04 TRACE TestLog4j:22:com.scp.maven.TestNg.TestLog4j - This is trace msg
2018-07-23 13:50:05 FATAL TestLog4j:17:com.scp.maven.TestNg.TestLog4j - This is fatal msg
2018-07-23 13:50:06 ERROR TestLog4j:18:com.scp.maven.TestNg.TestLog4j - This is error msg
2018-07-23 13:50:06 WARN  TestLog4j:19:com.scp.maven.TestNg.TestLog4j - This is warn msg
2018-07-23 13:50:06 INFO  TestLog4j:20:com.scp.maven.TestNg.TestLog4j - This is info msg
2018-07-23 13:50:06 DEBUG TestLog4j:21:com.scp.maven.TestNg.TestLog4j - This is debug msg
2018-07-23 13:50:06 TRACE TestLog4j:22:com.scp.maven.TestNg.TestLog4j - This is trace msg
2018-07-23 13:51:44 ERROR TestLog4j:18:com.scp.maven.TestNg.TestLog4j - This is error msg
2018-07-23 13:51:45 WARN  TestLog4j:19:com.scp.maven.TestNg.TestLog4j - This is warn msg
2018-07-23 13:51:45 INFO  TestLog4j:20:com.scp.maven.TestNg.TestLog4j - This is info msg
2018-07-23 13:51:45 DEBUG TestLog4j:21:com.scp.maven.TestNg.TestLog4j - This is debug msg
2018-07-23 13:51:45 TRACE TestLog4j:22:com.scp.maven.TestNg.TestLog4j - This is trace msg
2018-07-23 13:52:29 FATAL TestLog4j:17:com.scp.maven.TestNg.TestLog4j - This is fatal msg
2018-07-23 13:52:29 ERROR TestLog4j:18:com.scp.maven.TestNg.TestLog4j - This is error msg
2018-07-23 13:52:29 WARN  TestLog4j:19:com.scp.maven.TestNg.TestLog4j - This is warn msg
2018-07-23 13:52:29 INFO  TestLog4j:20:com.scp.maven.TestNg.TestLog4j - This is info msg
2018-07-23 13:52:29 DEBUG TestLog4j:21:com.scp.maven.TestNg.TestLog4j - This is debug msg
2018-07-23 13:52:29 TRACE TestLog4j:22:com.scp.maven.TestNg.TestLog4j - This is trace msg
2018-07-23 14:25:17 FATAL TestLog4j:18:com.scp.maven.TestNg.TestLog4j - This is fatal msg
2018-07-23 14:25:17 ERROR TestLog4j:19:com.scp.maven.TestNg.TestLog4j - This is error msg
2018-07-23 14:25:17 WARN  TestLog4j:20:com.scp.maven.TestNg.TestLog4j - This is warn msg
2018-07-23 14:25:17 INFO  TestLog4j:21:com.scp.maven.TestNg.TestLog4j - This is info msg
2018-07-23 14:25:17 DEBUG TestLog4j:22:com.scp.maven.TestNg.TestLog4j - This is debug msg
2018-07-23 14:25:17 TRACE TestLog4j:23:com.scp.maven.TestNg.TestLog4j - This is trace msg
2018-07-23 14:30:55 FATAL TestLog4j:18:com.scp.maven.TestNg.TestLog4j - This is fatal msg
2018-07-23 14:30:56 ERROR TestLog4j:19:com.scp.maven.TestNg.TestLog4j - This is error msg
2018-07-23 14:30:56 WARN  TestLog4j:20:com.scp.maven.TestNg.TestLog4j - This is warn msg
2018-07-23 14:30:56 INFO  TestLog4j:21:com.scp.maven.TestNg.TestLog4j - This is info msg
2018-07-23 14:30:56 DEBUG TestLog4j:22:com.scp.maven.TestNg.TestLog4j - This is debug msg
2018-07-23 14:30:56 TRACE TestLog4j:23:com.scp.maven.TestNg.TestLog4j - This is trace msg
2018-07-23 14:48:55 FATAL TestLog4j:18:com.scp.maven.TestNg.TestLog4j - This is fatal msg
2018-07-23 14:48:55 ERROR TestLog4j:19:com.scp.maven.TestNg.TestLog4j - This is error msg
2018-07-23 14:48:55 WARN  TestLog4j:20:com.scp.maven.TestNg.TestLog4j - This is warn msg
2018-07-23 14:48:55 INFO  TestLog4j:21:com.scp.maven.TestNg.TestLog4j - This is info msg
2018-07-23 14:48:56 DEBUG TestLog4j:22:com.scp.maven.TestNg.TestLog4j - This is debug msg
2018-07-23 14:48:56 TRACE TestLog4j:23:com.scp.maven.TestNg.TestLog4j - This is trace msg
2018-07-23 14:49:16 FATAL TestLog4j:18:com.scp.maven.TestNg.TestLog4j - This is fatal msg
2018-07-23 14:49:16 ERROR TestLog4j:19:com.scp.maven.TestNg.TestLog4j - This is error msg
2018-07-23 14:49:16 WARN  TestLog4j:20:com.scp.maven.TestNg.TestLog4j - This is warn msg
2018-07-23 14:49:16 INFO  TestLog4j:21:com.scp.maven.TestNg.TestLog4j - This is info msg
2018-07-23 14:49:16 DEBUG TestLog4j:22:com.scp.maven.TestNg.TestLog4j - This is debug msg
2018-07-23 14:49:16 TRACE TestLog4j:23:com.scp.maven.TestNg.TestLog4j - This is trace msg
2018-07-23 14:49:36 FATAL TestLog4j:18:com.scp.maven.TestNg.TestLog4j - This is fatal msg
2018-07-23 14:49:36 ERROR TestLog4j:19:com.scp.maven.TestNg.TestLog4j - This is error msg
2018-07-23 14:49:36 WARN  TestLog4j:20:com.scp.maven.TestNg.TestLog4j - This is warn msg
2018-07-23 14:49:36 INFO  TestLog4j:21:com.scp.maven.TestNg.TestLog4j - This is info msg
2018-07-23 14:49:36 DEBUG TestLog4j:22:com.scp.maven.TestNg.TestLog4j - This is debug msg
2018-07-23 14:49:36 TRACE TestLog4j:23:com.scp.maven.TestNg.TestLog4j - This is trace msg
2018-07-23 14:49:56 FATAL TestLog4j:18:com.scp.maven.TestNg.TestLog4j - This is fatal msg
2018-07-23 14:49:56 ERROR TestLog4j:19:com.scp.maven.TestNg.TestLog4j - This is error msg
2018-07-23 14:49:56 WARN  TestLog4j:20:com.scp.maven.TestNg.TestLog4j - This is warn msg
2018-07-23 14:49:56 INFO  TestLog4j:21:com.scp.maven.TestNg.TestLog4j - This is info msg
2018-07-23 14:49:56 DEBUG TestLog4j:22:com.scp.maven.TestNg.TestLog4j - This is debug msg
2018-07-23 14:49:56 TRACE TestLog4j:23:com.scp.maven.TestNg.TestLog4j - This is trace msg
2018-07-23 14:50:16 FATAL TestLog4j:18:com.scp.maven.TestNg.TestLog4j - This is fatal msg
2018-07-23 14:50:16 ERROR TestLog4j:19:com.scp.maven.TestNg.TestLog4j - This is error msg
2018-07-23 14:50:16 WARN  TestLog4j:20:com.scp.maven.TestNg.TestLog4j - This is warn msg
2018-07-23 14:50:16 INFO  TestLog4j:21:com.scp.maven.TestNg.TestLog4j - This is info msg
2018-07-23 14:50:16 DEBUG TestLog4j:22:com.scp.maven.TestNg.TestLog4j - This is debug msg
2018-07-23 14:50:16 TRACE TestLog4j:23:com.scp.maven.TestNg.TestLog4j - This is trace msg
2018-07-23 15:46:55 FATAL TestLog4j:18:com.scp.maven.TestNg.TestLog4j - This is fatal msg
2018-07-23 15:46:56 ERROR TestLog4j:19:com.scp.maven.TestNg.TestLog4j - This is error msg
2018-07-23 15:46:56 WARN  TestLog4j:20:com.scp.maven.TestNg.TestLog4j - This is warn msg
2018-07-23 15:46:56 INFO  TestLog4j:21:com.scp.maven.TestNg.TestLog4j - This is info msg
2018-07-23 15:46:56 DEBUG TestLog4j:22:com.scp.maven.TestNg.TestLog4j - This is debug msg
2018-07-23 15:46:56 TRACE TestLog4j:23:com.scp.maven.TestNg.TestLog4j - This is trace msg
2018-07-23 15:47:16 FATAL TestLog4j:18:com.scp.maven.TestNg.TestLog4j - This is fatal msg
2018-07-23 15:47:16 ERROR TestLog4j:19:com.scp.maven.TestNg.TestLog4j - This is error msg
2018-07-23 15:47:16 WARN  TestLog4j:20:com.scp.maven.TestNg.TestLog4j - This is warn msg
2018-07-23 15:47:16 INFO  TestLog4j:21:com.scp.maven.TestNg.TestLog4j - This is info msg
2018-07-23 15:47:16 DEBUG TestLog4j:22:com.scp.maven.TestNg.TestLog4j - This is debug msg
2018-07-23 15:47:16 TRACE TestLog4j:23:com.scp.maven.TestNg.TestLog4j - This is trace msg
2018-07-23 15:48:23 FATAL TestLog4j:18:com.scp.maven.TestNg.TestLog4j - This is fatal msg
2018-07-23 15:48:24 ERROR TestLog4j:19:com.scp.maven.TestNg.TestLog4j - This is error msg
2018-07-23 15:48:24 WARN  TestLog4j:20:com.scp.maven.TestNg.TestLog4j - This is warn msg
2018-07-23 15:48:24 INFO  TestLog4j:21:com.scp.maven.TestNg.TestLog4j - This is info msg
2018-07-23 15:48:24 DEBUG TestLog4j:22:com.scp.maven.TestNg.TestLog4j - This is debug msg
2018-07-23 15:48:24 TRACE TestLog4j:23:com.scp.maven.TestNg.TestLog4j - This is trace msg
2018-07-23 15:48:44 FATAL TestLog4j:18:com.scp.maven.TestNg.TestLog4j - This is fatal msg
2018-07-23 15:48:44 ERROR TestLog4j:19:com.scp.maven.TestNg.TestLog4j - This is error msg
2018-07-23 15:48:44 WARN  TestLog4j:20:com.scp.maven.TestNg.TestLog4j - This is warn msg
2018-07-23 15:48:44 INFO  TestLog4j:21:com.scp.maven.TestNg.TestLog4j - This is info msg
2018-07-23 15:48:44 DEBUG TestLog4j:22:com.scp.maven.TestNg.TestLog4j - This is debug msg
2018-07-23 15:48:44 TRACE TestLog4j:23:com.scp.maven.TestNg.TestLog4j - This is trace msg
2018-07-23 15:49:04 FATAL TestLog4j:18:com.scp.maven.TestNg.TestLog4j - This is fatal msg
2018-07-23 15:49:04 ERROR TestLog4j:19:com.scp.maven.TestNg.TestLog4j - This is error msg
2018-07-23 15:49:04 WARN  TestLog4j:20:com.scp.maven.TestNg.TestLog4j - This is warn msg
2018-07-23 15:49:04 INFO  TestLog4j:21:com.scp.maven.TestNg.TestLog4j - This is info msg
2018-07-23 15:49:04 DEBUG TestLog4j:22:com.scp.maven.TestNg.TestLog4j - This is debug msg
2018-07-23 15:49:04 TRACE TestLog4j:23:com.scp.maven.TestNg.TestLog4j - This is trace msg
2018-07-23 15:49:24 FATAL TestLog4j:18:com.scp.maven.TestNg.TestLog4j - This is fatal msg
2018-07-23 15:49:24 ERROR TestLog4j:19:com.scp.maven.TestNg.TestLog4j - This is error msg
2018-07-23 15:49:24 WARN  TestLog4j:20:com.scp.maven.TestNg.TestLog4j - This is warn msg
2018-07-23 15:49:24 INFO  TestLog4j:21:com.scp.maven.TestNg.TestLog4j - This is info msg
2018-07-23 15:49:24 DEBUG TestLog4j:22:com.scp.maven.TestNg.TestLog4j - This is debug msg
2018-07-23 15:49:24 TRACE TestLog4j:23:com.scp.maven.TestNg.TestLog4j - This is trace msg
2018-07-23 15:49:44 FATAL TestLog4j:18:com.scp.maven.TestNg.TestLog4j - This is fatal msg
2018-07-23 15:49:45 ERROR TestLog4j:19:com.scp.maven.TestNg.TestLog4j - This is error msg
2018-07-23 15:49:45 WARN  TestLog4j:20:com.scp.maven.TestNg.TestLog4j - This is warn msg
2018-07-23 15:49:45 INFO  TestLog4j:21:com.scp.maven.TestNg.TestLog4j - This is info msg
2018-07-23 15:49:45 DEBUG TestLog4j:22:com.scp.maven.TestNg.TestLog4j - This is debug msg
2018-07-23 15:49:45 TRACE TestLog4j:23:com.scp.maven.TestNg.TestLog4j - This is trace msg
2018-07-23 15:50:05 FATAL TestLog4j:18:com.scp.maven.TestNg.TestLog4j - This is fatal msg
2018-07-23 15:50:05 ERROR TestLog4j:19:com.scp.maven.TestNg.TestLog4j - This is error msg
2018-07-23 15:50:05 WARN  TestLog4j:20:com.scp.maven.TestNg.TestLog4j - This is warn msg
2018-07-23 15:50:05 INFO  TestLog4j:21:com.scp.maven.TestNg.TestLog4j - This is info msg
2018-07-23 15:50:05 DEBUG TestLog4j:22:com.scp.maven.TestNg.TestLog4j - This is debug msg
2018-07-23 15:50:05 TRACE TestLog4j:23:com.scp.maven.TestNg.TestLog4j - This is trace msg
2018-07-23 15:50:25 FATAL TestLog4j:18:com.scp.maven.TestNg.TestLog4j - This is fatal msg
2018-07-23 15:50:25 ERROR TestLog4j:19:com.scp.maven.TestNg.TestLog4j - This is error msg
2018-07-23 15:50:25 WARN  TestLog4j:20:com.scp.maven.TestNg.TestLog4j - This is warn msg
2018-07-23 15:50:25 INFO  TestLog4j:21:com.scp.maven.TestNg.TestLog4j - This is info msg
2018-07-23 15:50:25 DEBUG TestLog4j:22:com.scp.maven.TestNg.TestLog4j - This is debug msg
2018-07-23 15:50:25 TRACE TestLog4j:23:com.scp.maven.TestNg.TestLog4j - This is trace msg
2018-07-23 15:50:32 FATAL TestLog4j:18:com.scp.maven.TestNg.TestLog4j - This is fatal msg
2018-07-23 15:50:32 ERROR TestLog4j:19:com.scp.maven.TestNg.TestLog4j - This is error msg
2018-07-23 15:50:32 WARN  TestLog4j:20:com.scp.maven.TestNg.TestLog4j - This is warn msg
2018-07-23 15:50:32 INFO  TestLog4j:21:com.scp.maven.TestNg.TestLog4j - This is info msg
2018-07-23 15:50:32 DEBUG TestLog4j:22:com.scp.maven.TestNg.TestLog4j - This is debug msg
2018-07-23 15:50:32 TRACE TestLog4j:23:com.scp.maven.TestNg.TestLog4j - This is trace msg
2018-07-23 15:50:52 FATAL TestLog4j:18:com.scp.maven.TestNg.TestLog4j - This is fatal msg
2018-07-23 15:50:52 ERROR TestLog4j:19:com.scp.maven.TestNg.TestLog4j - This is error msg
2018-07-23 15:50:52 WARN  TestLog4j:20:com.scp.maven.TestNg.TestLog4j - This is warn msg
2018-07-23 15:50:52 INFO  TestLog4j:21:com.scp.maven.TestNg.TestLog4j - This is info msg
2018-07-23 15:50:52 DEBUG TestLog4j:22:com.scp.maven.TestNg.TestLog4j - This is debug msg
2018-07-23 15:50:53 TRACE TestLog4j:23:com.scp.maven.TestNg.TestLog4j - This is trace msg
2018-07-23 15:51:13 FATAL TestLog4j:18:com.scp.maven.TestNg.TestLog4j - This is fatal msg
2018-07-23 15:51:13 ERROR TestLog4j:19:com.scp.maven.TestNg.TestLog4j - This is error msg
2018-07-23 15:51:13 WARN  TestLog4j:20:com.scp.maven.TestNg.TestLog4j - This is warn msg
2018-07-23 15:51:13 INFO  TestLog4j:21:com.scp.maven.TestNg.TestLog4j - This is info msg
2018-07-23 15:51:13 DEBUG TestLog4j:22:com.scp.maven.TestNg.TestLog4j - This is debug msg
2018-07-23 15:51:13 TRACE TestLog4j:23:com.scp.maven.TestNg.TestLog4j - This is trace msg
2018-07-23 15:51:33 FATAL TestLog4j:18:com.scp.maven.TestNg.TestLog4j - This is fatal msg
2018-07-23 15:51:33 ERROR TestLog4j:19:com.scp.maven.TestNg.TestLog4j - This is error msg
2018-07-23 15:51:33 WARN  TestLog4j:20:com.scp.maven.TestNg.TestLog4j - This is warn msg
2018-07-23 15:51:33 INFO  TestLog4j:21:com.scp.maven.TestNg.TestLog4j - This is info msg
2018-07-23 15:51:33 DEBUG TestLog4j:22:com.scp.maven.TestNg.TestLog4j - This is debug msg
2018-07-23 15:51:33 TRACE TestLog4j:23:com.scp.maven.TestNg.TestLog4j - This is trace msg
2018-07-23 15:51:48 FATAL TestLog4j:18:com.scp.maven.TestNg.TestLog4j - This is fatal msg
2018-07-23 15:51:48 ERROR TestLog4j:19:com.scp.maven.TestNg.TestLog4j - This is error msg
2018-07-23 15:51:48 WARN  TestLog4j:20:com.scp.maven.TestNg.TestLog4j - This is warn msg
2018-07-23 15:51:48 INFO  TestLog4j:21:com.scp.maven.TestNg.TestLog4j - This is info msg
2018-07-23 15:51:48 DEBUG TestLog4j:22:com.scp.maven.TestNg.TestLog4j - This is debug msg
2018-07-23 15:51:48 TRACE TestLog4j:23:com.scp.maven.TestNg.TestLog4j - This is trace msg
2018-07-23 15:51:53 FATAL TestLog4j:18:com.scp.maven.TestNg.TestLog4j - This is fatal msg
2018-07-23 15:51:53 ERROR TestLog4j:19:com.scp.maven.TestNg.TestLog4j - This is error msg
2018-07-23 15:51:53 WARN  TestLog4j:20:com.scp.maven.TestNg.TestLog4j - This is warn msg
2018-07-23 15:51:53 INFO  TestLog4j:21:com.scp.maven.TestNg.TestLog4j - This is info msg
2018-07-23 15:51:53 DEBUG TestLog4j:22:com.scp.maven.TestNg.TestLog4j - This is debug msg
2018-07-23 15:51:53 TRACE TestLog4j:23:com.scp.maven.TestNg.TestLog4j - This is trace msg
2018-07-23 15:52:08 FATAL TestLog4j:18:com.scp.maven.TestNg.TestLog4j - This is fatal msg
2018-07-23 15:52:08 ERROR TestLog4j:19:com.scp.maven.TestNg.TestLog4j - This is error msg
2018-07-23 15:52:08 WARN  TestLog4j:20:com.scp.maven.TestNg.TestLog4j - This is warn msg
2018-07-23 15:52:08 INFO  TestLog4j:21:com.scp.maven.TestNg.TestLog4j - This is info msg
2018-07-23 15:52:08 DEBUG TestLog4j:22:com.scp.maven.TestNg.TestLog4j - This is debug msg
2018-07-23 15:52:08 TRACE TestLog4j:23:com.scp.maven.TestNg.TestLog4j - This is trace msg
2018-07-23 15:52:13 FATAL TestLog4j:18:com.scp.maven.TestNg.TestLog4j - This is fatal msg
2018-07-23 15:52:13 ERROR TestLog4j:19:com.scp.maven.TestNg.TestLog4j - This is error msg
2018-07-23 15:52:13 WARN  TestLog4j:20:com.scp.maven.TestNg.TestLog4j - This is warn msg
2018-07-23 15:52:13 INFO  TestLog4j:21:com.scp.maven.TestNg.TestLog4j - This is info msg
2018-07-23 15:52:13 DEBUG TestLog4j:22:com.scp.maven.TestNg.TestLog4j - This is debug msg
2018-07-23 15:52:13 TRACE TestLog4j:23:com.scp.maven.TestNg.TestLog4j - This is trace msg
2018-07-23 15:52:28 FATAL TestLog4j:18:com.scp.maven.TestNg.TestLog4j - This is fatal msg
2018-07-23 15:52:28 ERROR TestLog4j:19:com.scp.maven.TestNg.TestLog4j - This is error msg
2018-07-23 15:52:28 WARN  TestLog4j:20:com.scp.maven.TestNg.TestLog4j - This is warn msg
2018-07-23 15:52:28 INFO  TestLog4j:21:com.scp.maven.TestNg.TestLog4j - This is info msg
2018-07-23 15:52:28 DEBUG TestLog4j:22:com.scp.maven.TestNg.TestLog4j - This is debug msg
2018-07-23 15:52:29 TRACE TestLog4j:23:com.scp.maven.TestNg.TestLog4j - This is trace msg
2018-07-23 15:52:33 FATAL TestLog4j:18:com.scp.maven.TestNg.TestLog4j - This is fatal msg
2018-07-23 15:52:34 ERROR TestLog4j:19:com.scp.maven.TestNg.TestLog4j - This is error msg
2018-07-23 15:52:34 WARN  TestLog4j:20:com.scp.maven.TestNg.TestLog4j - This is warn msg
2018-07-23 15:52:34 INFO  TestLog4j:21:com.scp.maven.TestNg.TestLog4j - This is info msg
2018-07-23 15:52:34 DEBUG TestLog4j:22:com.scp.maven.TestNg.TestLog4j - This is debug msg
2018-07-23 15:52:34 TRACE TestLog4j:23:com.scp.maven.TestNg.TestLog4j - This is trace msg
2018-07-23 15:52:49 FATAL TestLog4j:18:com.scp.maven.TestNg.TestLog4j - This is fatal msg
2018-07-23 15:52:49 ERROR TestLog4j:19:com.scp.maven.TestNg.TestLog4j - This is error msg
2018-07-23 15:52:49 WARN  TestLog4j:20:com.scp.maven.TestNg.TestLog4j - This is warn msg
2018-07-23 15:52:49 INFO  TestLog4j:21:com.scp.maven.TestNg.TestLog4j - This is info msg
2018-07-23 15:52:49 DEBUG TestLog4j:22:com.scp.maven.TestNg.TestLog4j - This is debug msg
2018-07-23 15:52:49 TRACE TestLog4j:23:com.scp.maven.TestNg.TestLog4j - This is trace msg
2018-07-23 15:52:54 FATAL TestLog4j:18:com.scp.maven.TestNg.TestLog4j - This is fatal msg
2018-07-23 15:52:54 ERROR TestLog4j:19:com.scp.maven.TestNg.TestLog4j - This is error msg
2018-07-23 15:52:54 WARN  TestLog4j:20:com.scp.maven.TestNg.TestLog4j - This is warn msg
2018-07-23 15:52:54 INFO  TestLog4j:21:com.scp.maven.TestNg.TestLog4j - This is info msg
2018-07-23 15:52:54 DEBUG TestLog4j:22:com.scp.maven.TestNg.TestLog4j - This is debug msg
2018-07-23 15:52:54 TRACE TestLog4j:23:com.scp.maven.TestNg.TestLog4j - This is trace msg
2018-07-23 15:53:09 FATAL TestLog4j:18:com.scp.maven.TestNg.TestLog4j - This is fatal msg
2018-07-23 15:53:09 ERROR TestLog4j:19:com.scp.maven.TestNg.TestLog4j - This is error msg
2018-07-23 15:53:09 WARN  TestLog4j:20:com.scp.maven.TestNg.TestLog4j - This is warn msg
2018-07-23 15:53:09 INFO  TestLog4j:21:com.scp.maven.TestNg.TestLog4j - This is info msg
2018-07-23 15:53:09 DEBUG TestLog4j:22:com.scp.maven.TestNg.TestLog4j - This is debug msg
2018-07-23 15:53:09 TRACE TestLog4j:23:com.scp.maven.TestNg.TestLog4j - This is trace msg
2018-07-23 15:53:14 FATAL TestLog4j:18:com.scp.maven.TestNg.TestLog4j - This is fatal msg
2018-07-23 15:53:14 ERROR TestLog4j:19:com.scp.maven.TestNg.TestLog4j - This is error msg
2018-07-23 15:53:14 WARN  TestLog4j:20:com.scp.maven.TestNg.TestLog4j - This is warn msg
2018-07-23 15:53:14 INFO  TestLog4j:21:com.scp.maven.TestNg.TestLog4j - This is info msg
2018-07-23 15:53:14 DEBUG TestLog4j:22:com.scp.maven.TestNg.TestLog4j - This is debug msg
2018-07-23 15:53:14 TRACE TestLog4j:23:com.scp.maven.TestNg.TestLog4j - This is trace msg
2018-07-23 15:53:29 FATAL TestLog4j:18:com.scp.maven.TestNg.TestLog4j - This is fatal msg
2018-07-23 15:53:29 ERROR TestLog4j:19:com.scp.maven.TestNg.TestLog4j - This is error msg
2018-07-23 15:53:29 WARN  TestLog4j:20:com.scp.maven.TestNg.TestLog4j - This is warn msg
2018-07-23 15:53:29 INFO  TestLog4j:21:com.scp.maven.TestNg.TestLog4j - This is info msg
2018-07-23 15:53:29 DEBUG TestLog4j:22:com.scp.maven.TestNg.TestLog4j - This is debug msg
2018-07-23 15:53:29 TRACE TestLog4j:23:com.scp.maven.TestNg.TestLog4j - This is trace msg
2018-07-23 15:53:34 FATAL TestLog4j:18:com.scp.maven.TestNg.TestLog4j - This is fatal msg
2018-07-23 15:53:34 ERROR TestLog4j:19:com.scp.maven.TestNg.TestLog4j - This is error msg
2018-07-23 15:53:34 WARN  TestLog4j:20:com.scp.maven.TestNg.TestLog4j - This is warn msg
2018-07-23 15:53:34 INFO  TestLog4j:21:com.scp.maven.TestNg.TestLog4j - This is info msg
2018-07-23 15:53:34 DEBUG TestLog4j:22:com.scp.maven.TestNg.TestLog4j - This is debug msg
2018-07-23 15:53:34 TRACE TestLog4j:23:com.scp.maven.TestNg.TestLog4j - This is trace msg
2018-07-23 15:53:49 FATAL TestLog4j:18:com.scp.maven.TestNg.TestLog4j - This is fatal msg
2018-07-23 15:53:49 ERROR TestLog4j:19:com.scp.maven.TestNg.TestLog4j - This is error msg
2018-07-23 15:53:49 WARN  TestLog4j:20:com.scp.maven.TestNg.TestLog4j - This is warn msg
2018-07-23 15:53:49 INFO  TestLog4j:21:com.scp.maven.TestNg.TestLog4j - This is info msg
2018-07-23 15:53:49 DEBUG TestLog4j:22:com.scp.maven.TestNg.TestLog4j - This is debug msg
2018-07-23 15:53:49 TRACE TestLog4j:23:com.scp.maven.TestNg.TestLog4j - This is trace msg
2018-07-23 15:53:54 FATAL TestLog4j:18:com.scp.maven.TestNg.TestLog4j - This is fatal msg
2018-07-23 15:53:54 ERROR TestLog4j:19:com.scp.maven.TestNg.TestLog4j - This is error msg
2018-07-23 15:53:55 WARN  TestLog4j:20:com.scp.maven.TestNg.TestLog4j - This is warn msg
2018-07-23 15:53:55 INFO  TestLog4j:21:com.scp.maven.TestNg.TestLog4j - This is info msg
2018-07-23 15:53:55 DEBUG TestLog4j:22:com.scp.maven.TestNg.TestLog4j - This is debug msg
2018-07-23 15:53:55 TRACE TestLog4j:23:com.scp.maven.TestNg.TestLog4j - This is trace msg
2018-07-23 15:54:10 FATAL TestLog4j:18:com.scp.maven.TestNg.TestLog4j - This is fatal msg
2018-07-23 15:54:10 ERROR TestLog4j:19:com.scp.maven.TestNg.TestLog4j - This is error msg
2018-07-23 15:54:10 WARN  TestLog4j:20:com.scp.maven.TestNg.TestLog4j - This is warn msg
2018-07-23 15:54:10 INFO  TestLog4j:21:com.scp.maven.TestNg.TestLog4j - This is info msg
2018-07-23 15:54:10 DEBUG TestLog4j:22:com.scp.maven.TestNg.TestLog4j - This is debug msg
2018-07-23 15:54:10 TRACE TestLog4j:23:com.scp.maven.TestNg.TestLog4j - This is trace msg
2018-07-23 15:54:30 FATAL TestLog4j:18:com.scp.maven.TestNg.TestLog4j - This is fatal msg
2018-07-23 15:54:30 ERROR TestLog4j:19:com.scp.maven.TestNg.TestLog4j - This is error msg
2018-07-23 15:54:30 WARN  TestLog4j:20:com.scp.maven.TestNg.TestLog4j - This is warn msg
2018-07-23 15:54:30 INFO  TestLog4j:21:com.scp.maven.TestNg.TestLog4j - This is info msg
2018-07-23 15:54:30 DEBUG TestLog4j:22:com.scp.maven.TestNg.TestLog4j - This is debug msg
2018-07-23 15:54:30 TRACE TestLog4j:23:com.scp.maven.TestNg.TestLog4j - This is trace msg
2018-07-23 15:54:50 FATAL TestLog4j:18:com.scp.maven.TestNg.TestLog4j - This is fatal msg
2018-07-23 15:54:50 ERROR TestLog4j:19:com.scp.maven.TestNg.TestLog4j - This is error msg
2018-07-23 15:54:50 WARN  TestLog4j:20:com.scp.maven.TestNg.TestLog4j - This is warn msg
2018-07-23 15:54:50 INFO  TestLog4j:21:com.scp.maven.TestNg.TestLog4j - This is info msg
2018-07-23 15:54:50 DEBUG TestLog4j:22:com.scp.maven.TestNg.TestLog4j - This is debug msg
2018-07-23 15:54:50 TRACE TestLog4j:23:com.scp.maven.TestNg.TestLog4j - This is trace msg
2018-07-23 15:55:10 FATAL TestLog4j:18:com.scp.maven.TestNg.TestLog4j - This is fatal msg
2018-07-23 15:55:10 ERROR TestLog4j:19:com.scp.maven.TestNg.TestLog4j - This is error msg
2018-07-23 15:55:10 WARN  TestLog4j:20:com.scp.maven.TestNg.TestLog4j - This is warn msg
2018-07-23 15:55:10 INFO  TestLog4j:21:com.scp.maven.TestNg.TestLog4j - This is info msg
2018-07-23 15:55:10 DEBUG TestLog4j:22:com.scp.maven.TestNg.TestLog4j - This is debug msg
2018-07-23 15:55:10 TRACE TestLog4j:23:com.scp.maven.TestNg.TestLog4j - This is trace msg
2018-07-23 15:56:54 FATAL TestLog4j:18:com.scp.maven.TestNg.TestLog4j - This is fatal msg
2018-07-23 15:56:54 ERROR TestLog4j:19:com.scp.maven.TestNg.TestLog4j - This is error msg
2018-07-23 15:56:54 WARN  TestLog4j:20:com.scp.maven.TestNg.TestLog4j - This is warn msg
2018-07-23 15:56:54 INFO  TestLog4j:21:com.scp.maven.TestNg.TestLog4j - This is info msg
2018-07-23 15:56:54 DEBUG TestLog4j:22:com.scp.maven.TestNg.TestLog4j - This is debug msg
2018-07-23 15:56:54 TRACE TestLog4j:23:com.scp.maven.TestNg.TestLog4j - This is trace msg
2018-07-23 15:57:14 FATAL TestLog4j:18:com.scp.maven.TestNg.TestLog4j - This is fatal msg
2018-07-23 15:57:14 ERROR TestLog4j:19:com.scp.maven.TestNg.TestLog4j - This is error msg
2018-07-23 15:57:14 WARN  TestLog4j:20:com.scp.maven.TestNg.TestLog4j - This is warn msg
2018-07-23 15:57:14 INFO  TestLog4j:21:com.scp.maven.TestNg.TestLog4j - This is info msg
2018-07-23 15:57:14 DEBUG TestLog4j:22:com.scp.maven.TestNg.TestLog4j - This is debug msg
2018-07-23 15:57:14 TRACE TestLog4j:23:com.scp.maven.TestNg.TestLog4j - This is trace msg
2018-07-23 15:57:35 FATAL TestLog4j:18:com.scp.maven.TestNg.TestLog4j - This is fatal msg
2018-07-23 15:57:35 ERROR TestLog4j:19:com.scp.maven.TestNg.TestLog4j - This is error msg
2018-07-23 15:57:35 WARN  TestLog4j:20:com.scp.maven.TestNg.TestLog4j - This is warn msg
2018-07-23 15:57:35 INFO  TestLog4j:21:com.scp.maven.TestNg.TestLog4j - This is info msg
2018-07-23 15:57:35 DEBUG TestLog4j:22:com.scp.maven.TestNg.TestLog4j - This is debug msg
2018-07-23 15:57:35 TRACE TestLog4j:23:com.scp.maven.TestNg.TestLog4j - This is trace msg
2018-07-23 15:57:55 FATAL TestLog4j:18:com.scp.maven.TestNg.TestLog4j - This is fatal msg
2018-07-23 15:57:55 ERROR TestLog4j:19:com.scp.maven.TestNg.TestLog4j - This is error msg
2018-07-23 15:57:55 WARN  TestLog4j:20:com.scp.maven.TestNg.TestLog4j - This is warn msg
2018-07-23 15:57:55 INFO  TestLog4j:21:com.scp.maven.TestNg.TestLog4j - This is info msg
2018-07-23 15:57:55 DEBUG TestLog4j:22:com.scp.maven.TestNg.TestLog4j - This is debug msg
2018-07-23 15:57:55 TRACE TestLog4j:23:com.scp.maven.TestNg.TestLog4j - This is trace msg
2018-07-23 15:58:15 FATAL TestLog4j:18:com.scp.maven.TestNg.TestLog4j - This is fatal msg
2018-07-23 15:58:15 ERROR TestLog4j:19:com.scp.maven.TestNg.TestLog4j - This is error msg
2018-07-23 15:58:15 WARN  TestLog4j:20:com.scp.maven.TestNg.TestLog4j - This is warn msg
2018-07-23 15:58:15 INFO  TestLog4j:21:com.scp.maven.TestNg.TestLog4j - This is info msg
2018-07-23 15:58:15 DEBUG TestLog4j:22:com.scp.maven.TestNg.TestLog4j - This is debug msg
2018-07-23 15:58:15 TRACE TestLog4j:23:com.scp.maven.TestNg.TestLog4j - This is trace msg
2018-07-23 15:58:35 FATAL TestLog4j:18:com.scp.maven.TestNg.TestLog4j - This is fatal msg
2018-07-23 15:58:35 ERROR TestLog4j:19:com.scp.maven.TestNg.TestLog4j - This is error msg
2018-07-23 15:58:35 WARN  TestLog4j:20:com.scp.maven.TestNg.TestLog4j - This is warn msg
2018-07-23 15:58:35 INFO  TestLog4j:21:com.scp.maven.TestNg.TestLog4j - This is info msg
2018-07-23 15:58:35 DEBUG TestLog4j:22:com.scp.maven.TestNg.TestLog4j - This is debug msg
2018-07-23 15:58:35 TRACE TestLog4j:23:com.scp.maven.TestNg.TestLog4j - This is trace msg
2018-07-23 15:58:56 FATAL TestLog4j:18:com.scp.maven.TestNg.TestLog4j - This is fatal msg
2018-07-23 15:58:56 ERROR TestLog4j:19:com.scp.maven.TestNg.TestLog4j - This is error msg
2018-07-23 15:58:56 WARN  TestLog4j:20:com.scp.maven.TestNg.TestLog4j - This is warn msg
2018-07-23 15:58:56 INFO  TestLog4j:21:com.scp.maven.TestNg.TestLog4j - This is info msg
2018-07-23 15:58:56 DEBUG TestLog4j:22:com.scp.maven.TestNg.TestLog4j - This is debug msg
2018-07-23 15:58:56 TRACE TestLog4j:23:com.scp.maven.TestNg.TestLog4j - This is trace msg
2018-07-23 15:59:16 FATAL TestLog4j:18:com.scp.maven.TestNg.TestLog4j - This is fatal msg
2018-07-23 15:59:16 ERROR TestLog4j:19:com.scp.maven.TestNg.TestLog4j - This is error msg
2018-07-23 15:59:16 WARN  TestLog4j:20:com.scp.maven.TestNg.TestLog4j - This is warn msg
2018-07-23 15:59:16 INFO  TestLog4j:21:com.scp.maven.TestNg.TestLog4j - This is info msg
2018-07-23 15:59:16 DEBUG TestLog4j:22:com.scp.maven.TestNg.TestLog4j - This is debug msg
2018-07-23 15:59:16 TRACE TestLog4j:23:com.scp.maven.TestNg.TestLog4j - This is trace msg
2018-07-23 15:59:36 FATAL TestLog4j:18:com.scp.maven.TestNg.TestLog4j - This is fatal msg
2018-07-23 15:59:36 ERROR TestLog4j:19:com.scp.maven.TestNg.TestLog4j - This is error msg
2018-07-23 15:59:36 WARN  TestLog4j:20:com.scp.maven.TestNg.TestLog4j - This is warn msg
2018-07-23 15:59:36 INFO  TestLog4j:21:com.scp.maven.TestNg.TestLog4j - This is info msg
2018-07-23 15:59:36 DEBUG TestLog4j:22:com.scp.maven.TestNg.TestLog4j - This is debug msg
2018-07-23 15:59:36 TRACE TestLog4j:23:com.scp.maven.TestNg.TestLog4j - This is trace msg
2018-07-23 15:59:56 FATAL TestLog4j:18:com.scp.maven.TestNg.TestLog4j - This is fatal msg
2018-07-23 15:59:56 ERROR TestLog4j:19:com.scp.maven.TestNg.TestLog4j - This is error msg
2018-07-23 15:59:56 WARN  TestLog4j:20:com.scp.maven.TestNg.TestLog4j - This is warn msg
2018-07-23 15:59:56 INFO  TestLog4j:21:com.scp.maven.TestNg.TestLog4j - This is info msg
2018-07-23 15:59:56 DEBUG TestLog4j:22:com.scp.maven.TestNg.TestLog4j - This is debug msg
2018-07-23 15:59:56 TRACE TestLog4j:23:com.scp.maven.TestNg.TestLog4j - This is trace msg
2018-07-23 16:00:16 FATAL TestLog4j:18:com.scp.maven.TestNg.TestLog4j - This is fatal msg
2018-07-23 16:00:16 ERROR TestLog4j:19:com.scp.maven.TestNg.TestLog4j - This is error msg
2018-07-23 16:00:17 WARN  TestLog4j:20:com.scp.maven.TestNg.TestLog4j - This is warn msg
2018-07-23 16:00:17 INFO  TestLog4j:21:com.scp.maven.TestNg.TestLog4j - This is info msg
2018-07-23 16:00:17 DEBUG TestLog4j:22:com.scp.maven.TestNg.TestLog4j - This is debug msg
2018-07-23 16:00:17 TRACE TestLog4j:23:com.scp.maven.TestNg.TestLog4j - This is trace msg
2018-07-23 16:07:34 FATAL TestLog4j:18:com.scp.maven.TestNg.TestLog4j - This is fatal msg
2018-07-23 16:07:35 ERROR TestLog4j:19:com.scp.maven.TestNg.TestLog4j - This is error msg
2018-07-23 16:07:35 WARN  TestLog4j:20:com.scp.maven.TestNg.TestLog4j - This is warn msg
2018-07-23 16:07:35 INFO  TestLog4j:21:com.scp.maven.TestNg.TestLog4j - This is info msg
2018-07-23 16:07:35 DEBUG TestLog4j:22:com.scp.maven.TestNg.TestLog4j - This is debug msg
2018-07-23 16:07:35 TRACE TestLog4j:23:com.scp.maven.TestNg.TestLog4j - This is trace msg
2018-07-23 16:07:55 FATAL TestLog4j:18:com.scp.maven.TestNg.TestLog4j - This is fatal msg
2018-07-23 16:07:55 ERROR TestLog4j:19:com.scp.maven.TestNg.TestLog4j - This is error msg
2018-07-23 16:07:55 WARN  TestLog4j:20:com.scp.maven.TestNg.TestLog4j - This is warn msg
2018-07-23 16:07:55 INFO  TestLog4j:21:com.scp.maven.TestNg.TestLog4j - This is info msg
2018-07-23 16:07:55 DEBUG TestLog4j:22:com.scp.maven.TestNg.TestLog4j - This is debug msg
2018-07-23 16:07:55 TRACE TestLog4j:23:com.scp.maven.TestNg.TestLog4j - This is trace msg
2018-07-23 16:08:15 FATAL TestLog4j:18:com.scp.maven.TestNg.TestLog4j - This is fatal msg
2018-07-23 16:08:15 ERROR TestLog4j:19:com.scp.maven.TestNg.TestLog4j - This is error msg
2018-07-23 16:08:15 WARN  TestLog4j:20:com.scp.maven.TestNg.TestLog4j - This is warn msg
2018-07-23 16:08:15 INFO  TestLog4j:21:com.scp.maven.TestNg.TestLog4j - This is info msg
2018-07-23 16:08:15 DEBUG TestLog4j:22:com.scp.maven.TestNg.TestLog4j - This is debug msg
2018-07-23 16:08:15 TRACE TestLog4j:23:com.scp.maven.TestNg.TestLog4j - This is trace msg
2018-07-23 16:08:35 FATAL TestLog4j:18:com.scp.maven.TestNg.TestLog4j - This is fatal msg
2018-07-23 16:08:35 ERROR TestLog4j:19:com.scp.maven.TestNg.TestLog4j - This is error msg
2018-07-23 16:08:36 WARN  TestLog4j:20:com.scp.maven.TestNg.TestLog4j - This is warn msg
2018-07-23 16:08:36 INFO  TestLog4j:21:com.scp.maven.TestNg.TestLog4j - This is info msg
2018-07-23 16:08:36 DEBUG TestLog4j:22:com.scp.maven.TestNg.TestLog4j - This is debug msg
2018-07-23 16:08:36 TRACE TestLog4j:23:com.scp.maven.TestNg.TestLog4j - This is trace msg
2018-07-23 16:08:56 FATAL TestLog4j:18:com.scp.maven.TestNg.TestLog4j - This is fatal msg
2018-07-23 16:08:56 ERROR TestLog4j:19:com.scp.maven.TestNg.TestLog4j - This is error msg
2018-07-23 16:08:56 WARN  TestLog4j:20:com.scp.maven.TestNg.TestLog4j - This is warn msg
2018-07-23 16:08:56 INFO  TestLog4j:21:com.scp.maven.TestNg.TestLog4j - This is info msg
2018-07-23 16:08:56 DEBUG TestLog4j:22:com.scp.maven.TestNg.TestLog4j - This is debug msg
2018-07-23 16:08:56 TRACE TestLog4j:23:com.scp.maven.TestNg.TestLog4j - This is trace msg
2018-07-23 16:09:16 FATAL TestLog4j:18:com.scp.maven.TestNg.TestLog4j - This is fatal msg
2018-07-23 16:09:16 ERROR TestLog4j:19:com.scp.maven.TestNg.TestLog4j - This is error msg
2018-07-23 16:09:16 WARN  TestLog4j:20:com.scp.maven.TestNg.TestLog4j - This is warn msg
2018-07-23 16:09:16 INFO  TestLog4j:21:com.scp.maven.TestNg.TestLog4j - This is info msg
2018-07-23 16:09:16 DEBUG TestLog4j:22:com.scp.maven.TestNg.TestLog4j - This is debug msg
2018-07-23 16:09:16 TRACE TestLog4j:23:com.scp.maven.TestNg.TestLog4j - This is trace msg
2018-07-23 16:09:36 FATAL TestLog4j:18:com.scp.maven.TestNg.TestLog4j - This is fatal msg
2018-07-23 16:09:36 ERROR TestLog4j:19:com.scp.maven.TestNg.TestLog4j - This is error msg
2018-07-23 16:09:36 WARN  TestLog4j:20:com.scp.maven.TestNg.TestLog4j - This is warn msg
2018-07-23 16:09:36 INFO  TestLog4j:21:com.scp.maven.TestNg.TestLog4j - This is info msg
2018-07-23 16:09:36 DEBUG TestLog4j:22:com.scp.maven.TestNg.TestLog4j - This is debug msg
2018-07-23 16:09:36 TRACE TestLog4j:23:com.scp.maven.TestNg.TestLog4j - This is trace msg
2018-07-23 16:09:57 FATAL TestLog4j:18:com.scp.maven.TestNg.TestLog4j - This is fatal msg
2018-07-23 16:09:57 ERROR TestLog4j:19:com.scp.maven.TestNg.TestLog4j - This is error msg
2018-07-23 16:09:57 WARN  TestLog4j:20:com.scp.maven.TestNg.TestLog4j - This is warn msg
2018-07-23 16:09:57 INFO  TestLog4j:21:com.scp.maven.TestNg.TestLog4j - This is info msg
2018-07-23 16:09:57 DEBUG TestLog4j:22:com.scp.maven.TestNg.TestLog4j - This is debug msg
2018-07-23 16:09:57 TRACE TestLog4j:23:com.scp.maven.TestNg.TestLog4j - This is trace msg
2018-07-23 16:10:17 FATAL TestLog4j:18:com.scp.maven.TestNg.TestLog4j - This is fatal msg
2018-07-23 16:10:17 ERROR TestLog4j:19:com.scp.maven.TestNg.TestLog4j - This is error msg
2018-07-23 16:10:17 WARN  TestLog4j:20:com.scp.maven.TestNg.TestLog4j - This is warn msg
2018-07-23 16:10:17 INFO  TestLog4j:21:com.scp.maven.TestNg.TestLog4j - This is info msg
2018-07-23 16:10:17 DEBUG TestLog4j:22:com.scp.maven.TestNg.TestLog4j - This is debug msg
2018-07-23 16:10:17 TRACE TestLog4j:23:com.scp.maven.TestNg.TestLog4j - This is trace msg
2018-07-23 16:10:37 FATAL TestLog4j:18:com.scp.maven.TestNg.TestLog4j - This is fatal msg
2018-07-23 16:10:37 ERROR TestLog4j:19:com.scp.maven.TestNg.TestLog4j - This is error msg
2018-07-23 16:10:37 WARN  TestLog4j:20:com.scp.maven.TestNg.TestLog4j - This is warn msg
2018-07-23 16:10:37 INFO  TestLog4j:21:com.scp.maven.TestNg.TestLog4j - This is info msg
2018-07-23 16:10:37 DEBUG TestLog4j:22:com.scp.maven.TestNg.TestLog4j - This is debug msg
2018-07-23 16:10:37 TRACE TestLog4j:23:com.scp.maven.TestNg.TestLog4j - This is trace msg
2018-07-23 16:10:57 FATAL TestLog4j:18:com.scp.maven.TestNg.TestLog4j - This is fatal msg
2018-07-23 16:10:57 ERROR TestLog4j:19:com.scp.maven.TestNg.TestLog4j - This is error msg
2018-07-23 16:10:57 WARN  TestLog4j:20:com.scp.maven.TestNg.TestLog4j - This is warn msg
2018-07-23 16:10:57 INFO  TestLog4j:21:com.scp.maven.TestNg.TestLog4j - This is info msg
2018-07-23 16:10:57 DEBUG TestLog4j:22:com.scp.maven.TestNg.TestLog4j - This is debug msg
2018-07-23 16:10:57 TRACE TestLog4j:23:com.scp.maven.TestNg.TestLog4j - This is trace msg
2018-07-23 16:12:07 FATAL TestLog4j:18:com.scp.maven.TestNg.TestLog4j - This is fatal msg
2018-07-23 16:12:08 ERROR TestLog4j:19:com.scp.maven.TestNg.TestLog4j - This is error msg
2018-07-23 16:12:08 WARN  TestLog4j:20:com.scp.maven.TestNg.TestLog4j - This is warn msg
2018-07-23 16:12:08 INFO  TestLog4j:21:com.scp.maven.TestNg.TestLog4j - This is info msg
2018-07-23 16:12:08 DEBUG TestLog4j:22:com.scp.maven.TestNg.TestLog4j - This is debug msg
2018-07-23 16:12:08 TRACE TestLog4j:23:com.scp.maven.TestNg.TestLog4j - This is trace msg
2018-07-23 16:12:28 FATAL TestLog4j:18:com.scp.maven.TestNg.TestLog4j - This is fatal msg
2018-07-23 16:12:28 ERROR TestLog4j:19:com.scp.maven.TestNg.TestLog4j - This is error msg
2018-07-23 16:12:28 WARN  TestLog4j:20:com.scp.maven.TestNg.TestLog4j - This is warn msg
2018-07-23 16:12:28 INFO  TestLog4j:21:com.scp.maven.TestNg.TestLog4j - This is info msg
2018-07-23 16:12:28 DEBUG TestLog4j:22:com.scp.maven.TestNg.TestLog4j - This is debug msg
2018-07-23 16:12:28 TRACE TestLog4j:23:com.scp.maven.TestNg.TestLog4j - This is trace msg
2018-07-23 16:12:36 FATAL TestLog4j:18:com.scp.maven.TestNg.TestLog4j - This is fatal msg
2018-07-23 16:12:36 FATAL TestLog4j:18:com.scp.maven.TestNg.TestLog4j - This is fatal msg
2018-07-23 16:12:37 ERROR TestLog4j:19:com.scp.maven.TestNg.TestLog4j - This is error msg
2018-07-23 16:12:37 WARN  TestLog4j:20:com.scp.maven.TestNg.TestLog4j - This is warn msg
2018-07-23 16:12:37 INFO  TestLog4j:21:com.scp.maven.TestNg.TestLog4j - This is info msg
2018-07-23 16:12:37 DEBUG TestLog4j:22:com.scp.maven.TestNg.TestLog4j - This is debug msg
2018-07-23 16:12:37 TRACE TestLog4j:23:com.scp.maven.TestNg.TestLog4j - This is trace msg
2018-07-23 16:12:37 ERROR TestLog4j:19:com.scp.maven.TestNg.TestLog4j - This is error msg
2018-07-23 16:12:37 WARN  TestLog4j:20:com.scp.maven.TestNg.TestLog4j - This is warn msg
2018-07-23 16:12:37 INFO  TestLog4j:21:com.scp.maven.TestNg.TestLog4j - This is info msg
2018-07-23 16:12:37 DEBUG TestLog4j:22:com.scp.maven.TestNg.TestLog4j - This is debug msg
2018-07-23 16:12:37 TRACE TestLog4j:23:com.scp.maven.TestNg.TestLog4j - This is trace msg
2018-07-23 16:12:38 FATAL TestLog4j:18:com.scp.maven.TestNg.TestLog4j - This is fatal msg
2018-07-23 16:12:38 ERROR TestLog4j:19:com.scp.maven.TestNg.TestLog4j - This is error msg
2018-07-23 16:12:38 WARN  TestLog4j:20:com.scp.maven.TestNg.TestLog4j - This is warn msg
2018-07-23 16:12:38 INFO  TestLog4j:21:com.scp.maven.TestNg.TestLog4j - This is info msg
2018-07-23 16:12:38 DEBUG TestLog4j:22:com.scp.maven.TestNg.TestLog4j - This is debug msg
2018-07-23 16:12:38 TRACE TestLog4j:23:com.scp.maven.TestNg.TestLog4j - This is trace msg
2018-07-23 16:12:48 FATAL TestLog4j:18:com.scp.maven.TestNg.TestLog4j - This is fatal msg
2018-07-23 16:12:48 ERROR TestLog4j:19:com.scp.maven.TestNg.TestLog4j - This is error msg
2018-07-23 16:12:48 WARN  TestLog4j:20:com.scp.maven.TestNg.TestLog4j - This is warn msg
2018-07-23 16:12:48 INFO  TestLog4j:21:com.scp.maven.TestNg.TestLog4j - This is info msg
2018-07-23 16:12:49 DEBUG TestLog4j:22:com.scp.maven.TestNg.TestLog4j - This is debug msg
2018-07-23 16:12:49 TRACE TestLog4j:23:com.scp.maven.TestNg.TestLog4j - This is trace msg
2018-07-23 16:12:57 FATAL TestLog4j:18:com.scp.maven.TestNg.TestLog4j - This is fatal msg
2018-07-23 16:12:57 ERROR TestLog4j:19:com.scp.maven.TestNg.TestLog4j - This is error msg
2018-07-23 16:12:57 WARN  TestLog4j:20:com.scp.maven.TestNg.TestLog4j - This is warn msg
2018-07-23 16:12:57 FATAL TestLog4j:18:com.scp.maven.TestNg.TestLog4j - This is fatal msg
2018-07-23 16:12:57 INFO  TestLog4j:21:com.scp.maven.TestNg.TestLog4j - This is info msg
2018-07-23 16:12:57 ERROR TestLog4j:19:com.scp.maven.TestNg.TestLog4j - This is error msg
2018-07-23 16:12:57 DEBUG TestLog4j:22:com.scp.maven.TestNg.TestLog4j - This is debug msg
2018-07-23 16:12:57 TRACE TestLog4j:23:com.scp.maven.TestNg.TestLog4j - This is trace msg
2018-07-23 16:12:57 WARN  TestLog4j:20:com.scp.maven.TestNg.TestLog4j - This is warn msg
2018-07-23 16:12:57 INFO  TestLog4j:21:com.scp.maven.TestNg.TestLog4j - This is info msg
2018-07-23 16:12:57 DEBUG TestLog4j:22:com.scp.maven.TestNg.TestLog4j - This is debug msg
2018-07-23 16:12:57 TRACE TestLog4j:23:com.scp.maven.TestNg.TestLog4j - This is trace msg
2018-07-23 16:12:58 FATAL TestLog4j:18:com.scp.maven.TestNg.TestLog4j - This is fatal msg
2018-07-23 16:12:58 ERROR TestLog4j:19:com.scp.maven.TestNg.TestLog4j - This is error msg
2018-07-23 16:12:58 WARN  TestLog4j:20:com.scp.maven.TestNg.TestLog4j - This is warn msg
2018-07-23 16:12:58 INFO  TestLog4j:21:com.scp.maven.TestNg.TestLog4j - This is info msg
2018-07-23 16:12:58 DEBUG TestLog4j:22:com.scp.maven.TestNg.TestLog4j - This is debug msg
2018-07-23 16:12:58 TRACE TestLog4j:23:com.scp.maven.TestNg.TestLog4j - This is trace msg
2018-07-23 16:13:09 FATAL TestLog4j:18:com.scp.maven.TestNg.TestLog4j - This is fatal msg
2018-07-23 16:13:09 ERROR TestLog4j:19:com.scp.maven.TestNg.TestLog4j - This is error msg
2018-07-23 16:13:09 WARN  TestLog4j:20:com.scp.maven.TestNg.TestLog4j - This is warn msg
2018-07-23 16:13:09 INFO  TestLog4j:21:com.scp.maven.TestNg.TestLog4j - This is info msg
2018-07-23 16:13:09 DEBUG TestLog4j:22:com.scp.maven.TestNg.TestLog4j - This is debug msg
2018-07-23 16:13:09 TRACE TestLog4j:23:com.scp.maven.TestNg.TestLog4j - This is trace msg
2018-07-23 16:13:17 FATAL TestLog4j:18:com.scp.maven.TestNg.TestLog4j - This is fatal msg
2018-07-23 16:13:17 FATAL TestLog4j:18:com.scp.maven.TestNg.TestLog4j - This is fatal msg
2018-07-23 16:13:17 ERROR TestLog4j:19:com.scp.maven.TestNg.TestLog4j - This is error msg
2018-07-23 16:13:17 ERROR TestLog4j:19:com.scp.maven.TestNg.TestLog4j - This is error msg
2018-07-23 16:13:17 WARN  TestLog4j:20:com.scp.maven.TestNg.TestLog4j - This is warn msg
2018-07-23 16:13:17 WARN  TestLog4j:20:com.scp.maven.TestNg.TestLog4j - This is warn msg
2018-07-23 16:13:17 INFO  TestLog4j:21:com.scp.maven.TestNg.TestLog4j - This is info msg
2018-07-23 16:13:17 INFO  TestLog4j:21:com.scp.maven.TestNg.TestLog4j - This is info msg
2018-07-23 16:13:18 DEBUG TestLog4j:22:com.scp.maven.TestNg.TestLog4j - This is debug msg
2018-07-23 16:13:18 DEBUG TestLog4j:22:com.scp.maven.TestNg.TestLog4j - This is debug msg
2018-07-23 16:13:18 TRACE TestLog4j:23:com.scp.maven.TestNg.TestLog4j - This is trace msg
2018-07-23 16:13:18 TRACE TestLog4j:23:com.scp.maven.TestNg.TestLog4j - This is trace msg
2018-07-23 16:13:19 FATAL TestLog4j:18:com.scp.maven.TestNg.TestLog4j - This is fatal msg
2018-07-23 16:13:19 ERROR TestLog4j:19:com.scp.maven.TestNg.TestLog4j - This is error msg
2018-07-23 16:13:19 WARN  TestLog4j:20:com.scp.maven.TestNg.TestLog4j - This is warn msg
2018-07-23 16:13:19 INFO  TestLog4j:21:com.scp.maven.TestNg.TestLog4j - This is info msg
2018-07-23 16:13:19 DEBUG TestLog4j:22:com.scp.maven.TestNg.TestLog4j - This is debug msg
2018-07-23 16:13:19 TRACE TestLog4j:23:com.scp.maven.TestNg.TestLog4j - This is trace msg
2018-07-23 16:13:29 FATAL TestLog4j:18:com.scp.maven.TestNg.TestLog4j - This is fatal msg
2018-07-23 16:13:29 ERROR TestLog4j:19:com.scp.maven.TestNg.TestLog4j - This is error msg
2018-07-23 16:13:29 WARN  TestLog4j:20:com.scp.maven.TestNg.TestLog4j - This is warn msg
2018-07-23 16:13:29 INFO  TestLog4j:21:com.scp.maven.TestNg.TestLog4j - This is info msg
2018-07-23 16:13:29 DEBUG TestLog4j:22:com.scp.maven.TestNg.TestLog4j - This is debug msg
2018-07-23 16:13:29 TRACE TestLog4j:23:com.scp.maven.TestNg.TestLog4j - This is trace msg
2018-07-23 16:13:38 FATAL TestLog4j:18:com.scp.maven.TestNg.TestLog4j - This is fatal msg
2018-07-23 16:13:38 FATAL TestLog4j:18:com.scp.maven.TestNg.TestLog4j - This is fatal msg
2018-07-23 16:13:38 ERROR TestLog4j:19:com.scp.maven.TestNg.TestLog4j - This is error msg
2018-07-23 16:13:38 ERROR TestLog4j:19:com.scp.maven.TestNg.TestLog4j - This is error msg
2018-07-23 16:13:38 WARN  TestLog4j:20:com.scp.maven.TestNg.TestLog4j - This is warn msg
2018-07-23 16:13:38 WARN  TestLog4j:20:com.scp.maven.TestNg.TestLog4j - This is warn msg
2018-07-23 16:13:38 INFO  TestLog4j:21:com.scp.maven.TestNg.TestLog4j - This is info msg
2018-07-23 16:13:38 INFO  TestLog4j:21:com.scp.maven.TestNg.TestLog4j - This is info msg
2018-07-23 16:13:38 DEBUG TestLog4j:22:com.scp.maven.TestNg.TestLog4j - This is debug msg
2018-07-23 16:13:38 DEBUG TestLog4j:22:com.scp.maven.TestNg.TestLog4j - This is debug msg
2018-07-23 16:13:38 TRACE TestLog4j:23:com.scp.maven.TestNg.TestLog4j - This is trace msg
2018-07-23 16:13:38 TRACE TestLog4j:23:com.scp.maven.TestNg.TestLog4j - This is trace msg
2018-07-23 16:13:39 FATAL TestLog4j:18:com.scp.maven.TestNg.TestLog4j - This is fatal msg
2018-07-23 16:13:39 ERROR TestLog4j:19:com.scp.maven.TestNg.TestLog4j - This is error msg
2018-07-23 16:13:39 WARN  TestLog4j:20:com.scp.maven.TestNg.TestLog4j - This is warn msg
2018-07-23 16:13:39 INFO  TestLog4j:21:com.scp.maven.TestNg.TestLog4j - This is info msg
2018-07-23 16:13:39 DEBUG TestLog4j:22:com.scp.maven.TestNg.TestLog4j - This is debug msg
2018-07-23 16:13:39 TRACE TestLog4j:23:com.scp.maven.TestNg.TestLog4j - This is trace msg
2018-07-23 16:13:49 FATAL TestLog4j:18:com.scp.maven.TestNg.TestLog4j - This is fatal msg
2018-07-23 16:13:49 ERROR TestLog4j:19:com.scp.maven.TestNg.TestLog4j - This is error msg
2018-07-23 16:13:49 WARN  TestLog4j:20:com.scp.maven.TestNg.TestLog4j - This is warn msg
2018-07-23 16:13:49 INFO  TestLog4j:21:com.scp.maven.TestNg.TestLog4j - This is info msg
2018-07-23 16:13:49 DEBUG TestLog4j:22:com.scp.maven.TestNg.TestLog4j - This is debug msg
2018-07-23 16:13:49 TRACE TestLog4j:23:com.scp.maven.TestNg.TestLog4j - This is trace msg
2018-07-23 16:13:58 FATAL TestLog4j:18:com.scp.maven.TestNg.TestLog4j - This is fatal msg
2018-07-23 16:13:58 FATAL TestLog4j:18:com.scp.maven.TestNg.TestLog4j - This is fatal msg
2018-07-23 16:13:58 ERROR TestLog4j:19:com.scp.maven.TestNg.TestLog4j - This is error msg
2018-07-23 16:13:58 ERROR TestLog4j:19:com.scp.maven.TestNg.TestLog4j - This is error msg
2018-07-23 16:13:58 WARN  TestLog4j:20:com.scp.maven.TestNg.TestLog4j - This is warn msg
2018-07-23 16:13:58 WARN  TestLog4j:20:com.scp.maven.TestNg.TestLog4j - This is warn msg
2018-07-23 16:13:58 INFO  TestLog4j:21:com.scp.maven.TestNg.TestLog4j - This is info msg
2018-07-23 16:13:58 INFO  TestLog4j:21:com.scp.maven.TestNg.TestLog4j - This is info msg
2018-07-23 16:13:58 DEBUG TestLog4j:22:com.scp.maven.TestNg.TestLog4j - This is debug msg
2018-07-23 16:13:58 DEBUG TestLog4j:22:com.scp.maven.TestNg.TestLog4j - This is debug msg
2018-07-23 16:13:58 TRACE TestLog4j:23:com.scp.maven.TestNg.TestLog4j - This is trace msg
2018-07-23 16:13:59 TRACE TestLog4j:23:com.scp.maven.TestNg.TestLog4j - This is trace msg
2018-07-23 16:13:59 FATAL TestLog4j:18:com.scp.maven.TestNg.TestLog4j - This is fatal msg
2018-07-23 16:13:59 ERROR TestLog4j:19:com.scp.maven.TestNg.TestLog4j - This is error msg
2018-07-23 16:13:59 WARN  TestLog4j:20:com.scp.maven.TestNg.TestLog4j - This is warn msg
2018-07-23 16:13:59 INFO  TestLog4j:21:com.scp.maven.TestNg.TestLog4j - This is info msg
2018-07-23 16:13:59 DEBUG TestLog4j:22:com.scp.maven.TestNg.TestLog4j - This is debug msg
2018-07-23 16:13:59 TRACE TestLog4j:23:com.scp.maven.TestNg.TestLog4j - This is trace msg
2018-07-23 16:14:09 FATAL TestLog4j:18:com.scp.maven.TestNg.TestLog4j - This is fatal msg
2018-07-23 16:14:09 ERROR TestLog4j:19:com.scp.maven.TestNg.TestLog4j - This is error msg
2018-07-23 16:14:09 WARN  TestLog4j:20:com.scp.maven.TestNg.TestLog4j - This is warn msg
2018-07-23 16:14:09 INFO  TestLog4j:21:com.scp.maven.TestNg.TestLog4j - This is info msg
2018-07-23 16:14:09 DEBUG TestLog4j:22:com.scp.maven.TestNg.TestLog4j - This is debug msg
2018-07-23 16:14:10 TRACE TestLog4j:23:com.scp.maven.TestNg.TestLog4j - This is trace msg
2018-07-23 16:14:19 FATAL TestLog4j:18:com.scp.maven.TestNg.TestLog4j - This is fatal msg
2018-07-23 16:14:19 FATAL TestLog4j:18:com.scp.maven.TestNg.TestLog4j - This is fatal msg
2018-07-23 16:14:19 ERROR TestLog4j:19:com.scp.maven.TestNg.TestLog4j - This is error msg
2018-07-23 16:14:19 ERROR TestLog4j:19:com.scp.maven.TestNg.TestLog4j - This is error msg
2018-07-23 16:14:19 WARN  TestLog4j:20:com.scp.maven.TestNg.TestLog4j - This is warn msg
2018-07-23 16:14:19 WARN  TestLog4j:20:com.scp.maven.TestNg.TestLog4j - This is warn msg
2018-07-23 16:14:19 INFO  TestLog4j:21:com.scp.maven.TestNg.TestLog4j - This is info msg
2018-07-23 16:14:19 INFO  TestLog4j:21:com.scp.maven.TestNg.TestLog4j - This is info msg
2018-07-23 16:14:19 DEBUG TestLog4j:22:com.scp.maven.TestNg.TestLog4j - This is debug msg
2018-07-23 16:14:19 DEBUG TestLog4j:22:com.scp.maven.TestNg.TestLog4j - This is debug msg
2018-07-23 16:14:19 TRACE TestLog4j:23:com.scp.maven.TestNg.TestLog4j - This is trace msg
2018-07-23 16:14:19 TRACE TestLog4j:23:com.scp.maven.TestNg.TestLog4j - This is trace msg
2018-07-23 16:14:19 FATAL TestLog4j:18:com.scp.maven.TestNg.TestLog4j - This is fatal msg
2018-07-23 16:14:19 ERROR TestLog4j:19:com.scp.maven.TestNg.TestLog4j - This is error msg
2018-07-23 16:14:19 WARN  TestLog4j:20:com.scp.maven.TestNg.TestLog4j - This is warn msg
2018-07-23 16:14:19 INFO  TestLog4j:21:com.scp.maven.TestNg.TestLog4j - This is info msg
2018-07-23 16:14:19 DEBUG TestLog4j:22:com.scp.maven.TestNg.TestLog4j - This is debug msg
2018-07-23 16:14:19 TRACE TestLog4j:23:com.scp.maven.TestNg.TestLog4j - This is trace msg
2018-07-23 16:14:30 FATAL TestLog4j:18:com.scp.maven.TestNg.TestLog4j - This is fatal msg
2018-07-23 16:14:30 ERROR TestLog4j:19:com.scp.maven.TestNg.TestLog4j - This is error msg
2018-07-23 16:14:30 WARN  TestLog4j:20:com.scp.maven.TestNg.TestLog4j - This is warn msg
2018-07-23 16:14:30 INFO  TestLog4j:21:com.scp.maven.TestNg.TestLog4j - This is info msg
2018-07-23 16:14:30 DEBUG TestLog4j:22:com.scp.maven.TestNg.TestLog4j - This is debug msg
2018-07-23 16:14:30 TRACE TestLog4j:23:com.scp.maven.TestNg.TestLog4j - This is trace msg
2018-07-23 16:14:39 FATAL TestLog4j:18:com.scp.maven.TestNg.TestLog4j - This is fatal msg
2018-07-23 16:14:39 FATAL TestLog4j:18:com.scp.maven.TestNg.TestLog4j - This is fatal msg
2018-07-23 16:14:39 ERROR TestLog4j:19:com.scp.maven.TestNg.TestLog4j - This is error msg
2018-07-23 16:14:39 ERROR TestLog4j:19:com.scp.maven.TestNg.TestLog4j - This is error msg
2018-07-23 16:14:39 WARN  TestLog4j:20:com.scp.maven.TestNg.TestLog4j - This is warn msg
2018-07-23 16:14:39 WARN  TestLog4j:20:com.scp.maven.TestNg.TestLog4j - This is warn msg
2018-07-23 16:14:39 INFO  TestLog4j:21:com.scp.maven.TestNg.TestLog4j - This is info msg
2018-07-23 16:14:39 INFO  TestLog4j:21:com.scp.maven.TestNg.TestLog4j - This is info msg
2018-07-23 16:14:39 DEBUG TestLog4j:22:com.scp.maven.TestNg.TestLog4j - This is debug msg
2018-07-23 16:14:39 DEBUG TestLog4j:22:com.scp.maven.TestNg.TestLog4j - This is debug msg
2018-07-23 16:14:39 TRACE TestLog4j:23:com.scp.maven.TestNg.TestLog4j - This is trace msg
2018-07-23 16:14:39 TRACE TestLog4j:23:com.scp.maven.TestNg.TestLog4j - This is trace msg
2018-07-23 16:14:50 FATAL TestLog4j:18:com.scp.maven.TestNg.TestLog4j - This is fatal msg
2018-07-23 16:14:50 ERROR TestLog4j:19:com.scp.maven.TestNg.TestLog4j - This is error msg
2018-07-23 16:14:50 WARN  TestLog4j:20:com.scp.maven.TestNg.TestLog4j - This is warn msg
2018-07-23 16:14:50 INFO  TestLog4j:21:com.scp.maven.TestNg.TestLog4j - This is info msg
2018-07-23 16:14:50 DEBUG TestLog4j:22:com.scp.maven.TestNg.TestLog4j - This is debug msg
2018-07-23 16:14:50 TRACE TestLog4j:23:com.scp.maven.TestNg.TestLog4j - This is trace msg
2018-07-23 16:14:59 FATAL TestLog4j:18:com.scp.maven.TestNg.TestLog4j - This is fatal msg
2018-07-23 16:15:00 FATAL TestLog4j:18:com.scp.maven.TestNg.TestLog4j - This is fatal msg
2018-07-23 16:15:00 ERROR TestLog4j:19:com.scp.maven.TestNg.TestLog4j - This is error msg
2018-07-23 16:15:00 ERROR TestLog4j:19:com.scp.maven.TestNg.TestLog4j - This is error msg
2018-07-23 16:15:00 WARN  TestLog4j:20:com.scp.maven.TestNg.TestLog4j - This is warn msg
2018-07-23 16:15:00 INFO  TestLog4j:21:com.scp.maven.TestNg.TestLog4j - This is info msg
2018-07-23 16:15:00 WARN  TestLog4j:20:com.scp.maven.TestNg.TestLog4j - This is warn msg
2018-07-23 16:15:00 DEBUG TestLog4j:22:com.scp.maven.TestNg.TestLog4j - This is debug msg
2018-07-23 16:15:00 INFO  TestLog4j:21:com.scp.maven.TestNg.TestLog4j - This is info msg
2018-07-23 16:15:00 TRACE TestLog4j:23:com.scp.maven.TestNg.TestLog4j - This is trace msg
2018-07-23 16:15:00 DEBUG TestLog4j:22:com.scp.maven.TestNg.TestLog4j - This is debug msg
2018-07-23 16:15:00 TRACE TestLog4j:23:com.scp.maven.TestNg.TestLog4j - This is trace msg
2018-07-23 16:15:10 FATAL TestLog4j:18:com.scp.maven.TestNg.TestLog4j - This is fatal msg
2018-07-23 16:15:10 FATAL TestLog4j:18:com.scp.maven.TestNg.TestLog4j - This is fatal msg
2018-07-23 16:15:10 ERROR TestLog4j:19:com.scp.maven.TestNg.TestLog4j - This is error msg
2018-07-23 16:15:10 WARN  TestLog4j:20:com.scp.maven.TestNg.TestLog4j - This is warn msg
2018-07-23 16:15:10 INFO  TestLog4j:21:com.scp.maven.TestNg.TestLog4j - This is info msg
2018-07-23 16:15:10 DEBUG TestLog4j:22:com.scp.maven.TestNg.TestLog4j - This is debug msg
2018-07-23 16:15:10 TRACE TestLog4j:23:com.scp.maven.TestNg.TestLog4j - This is trace msg
2018-07-23 16:15:10 ERROR TestLog4j:19:com.scp.maven.TestNg.TestLog4j - This is error msg
2018-07-23 16:15:10 WARN  TestLog4j:20:com.scp.maven.TestNg.TestLog4j - This is warn msg
2018-07-23 16:15:10 INFO  TestLog4j:21:com.scp.maven.TestNg.TestLog4j - This is info msg
2018-07-23 16:15:10 DEBUG TestLog4j:22:com.scp.maven.TestNg.TestLog4j - This is debug msg
2018-07-23 16:15:11 TRACE TestLog4j:23:com.scp.maven.TestNg.TestLog4j - This is trace msg
2018-07-23 16:15:20 FATAL TestLog4j:18:com.scp.maven.TestNg.TestLog4j - This is fatal msg
2018-07-23 16:15:20 ERROR TestLog4j:19:com.scp.maven.TestNg.TestLog4j - This is error msg
2018-07-23 16:15:20 WARN  TestLog4j:20:com.scp.maven.TestNg.TestLog4j - This is warn msg
2018-07-23 16:15:20 INFO  TestLog4j:21:com.scp.maven.TestNg.TestLog4j - This is info msg
2018-07-23 16:15:20 DEBUG TestLog4j:22:com.scp.maven.TestNg.TestLog4j - This is debug msg
2018-07-23 16:15:20 TRACE TestLog4j:23:com.scp.maven.TestNg.TestLog4j - This is trace msg
2018-07-23 16:15:30 FATAL TestLog4j:18:com.scp.maven.TestNg.TestLog4j - This is fatal msg
2018-07-23 16:15:30 ERROR TestLog4j:19:com.scp.maven.TestNg.TestLog4j - This is error msg
2018-07-23 16:15:30 WARN  TestLog4j:20:com.scp.maven.TestNg.TestLog4j - This is warn msg
2018-07-23 16:15:30 INFO  TestLog4j:21:com.scp.maven.TestNg.TestLog4j - This is info msg
2018-07-23 16:15:30 DEBUG TestLog4j:22:com.scp.maven.TestNg.TestLog4j - This is debug msg
2018-07-23 16:15:30 TRACE TestLog4j:23:com.scp.maven.TestNg.TestLog4j - This is trace msg
2018-07-23 16:15:31 FATAL TestLog4j:18:com.scp.maven.TestNg.TestLog4j - This is fatal msg
2018-07-23 16:15:31 ERROR TestLog4j:19:com.scp.maven.TestNg.TestLog4j - This is error msg
2018-07-23 16:15:31 WARN  TestLog4j:20:com.scp.maven.TestNg.TestLog4j - This is warn msg
2018-07-23 16:15:31 INFO  TestLog4j:21:com.scp.maven.TestNg.TestLog4j - This is info msg
2018-07-23 16:15:31 DEBUG TestLog4j:22:com.scp.maven.TestNg.TestLog4j - This is debug msg
2018-07-23 16:15:31 TRACE TestLog4j:23:com.scp.maven.TestNg.TestLog4j - This is trace msg
2018-07-23 16:15:40 FATAL TestLog4j:18:com.scp.maven.TestNg.TestLog4j - This is fatal msg
2018-07-23 16:15:40 ERROR TestLog4j:19:com.scp.maven.TestNg.TestLog4j - This is error msg
2018-07-23 16:15:40 WARN  TestLog4j:20:com.scp.maven.TestNg.TestLog4j - This is warn msg
2018-07-23 16:15:40 INFO  TestLog4j:21:com.scp.maven.TestNg.TestLog4j - This is info msg
2018-07-23 16:15:40 DEBUG TestLog4j:22:com.scp.maven.TestNg.TestLog4j - This is debug msg
2018-07-23 16:15:40 TRACE TestLog4j:23:com.scp.maven.TestNg.TestLog4j - This is trace msg
2018-07-23 16:15:51 FATAL TestLog4j:18:com.scp.maven.TestNg.TestLog4j - This is fatal msg
2018-07-23 16:15:51 ERROR TestLog4j:19:com.scp.maven.TestNg.TestLog4j - This is error msg
2018-07-23 16:15:51 WARN  TestLog4j:20:com.scp.maven.TestNg.TestLog4j - This is warn msg
2018-07-23 16:15:51 INFO  TestLog4j:21:com.scp.maven.TestNg.TestLog4j - This is info msg
2018-07-23 16:15:51 DEBUG TestLog4j:22:com.scp.maven.TestNg.TestLog4j - This is debug msg
2018-07-23 16:15:51 TRACE TestLog4j:23:com.scp.maven.TestNg.TestLog4j - This is trace msg
2018-07-23 16:16:00 FATAL TestLog4j:18:com.scp.maven.TestNg.TestLog4j - This is fatal msg
2018-07-23 16:16:00 ERROR TestLog4j:19:com.scp.maven.TestNg.TestLog4j - This is error msg
2018-07-23 16:16:00 WARN  TestLog4j:20:com.scp.maven.TestNg.TestLog4j - This is warn msg
2018-07-23 16:16:00 INFO  TestLog4j:21:com.scp.maven.TestNg.TestLog4j - This is info msg
2018-07-23 16:16:00 DEBUG TestLog4j:22:com.scp.maven.TestNg.TestLog4j - This is debug msg
2018-07-23 16:16:01 TRACE TestLog4j:23:com.scp.maven.TestNg.TestLog4j - This is trace msg
2018-07-23 16:16:11 FATAL TestLog4j:18:com.scp.maven.TestNg.TestLog4j - This is fatal msg
2018-07-23 16:16:11 ERROR TestLog4j:19:com.scp.maven.TestNg.TestLog4j - This is error msg
2018-07-23 16:16:11 WARN  TestLog4j:20:com.scp.maven.TestNg.TestLog4j - This is warn msg
2018-07-23 16:16:11 INFO  TestLog4j:21:com.scp.maven.TestNg.TestLog4j - This is info msg
2018-07-23 16:16:11 DEBUG TestLog4j:22:com.scp.maven.TestNg.TestLog4j - This is debug msg
2018-07-23 16:16:11 TRACE TestLog4j:23:com.scp.maven.TestNg.TestLog4j - This is trace msg
2018-07-23 16:16:31 FATAL TestLog4j:18:com.scp.maven.TestNg.TestLog4j - This is fatal msg
2018-07-23 16:16:31 ERROR TestLog4j:19:com.scp.maven.TestNg.TestLog4j - This is error msg
2018-07-23 16:16:31 WARN  TestLog4j:20:com.scp.maven.TestNg.TestLog4j - This is warn msg
2018-07-23 16:16:31 INFO  TestLog4j:21:com.scp.maven.TestNg.TestLog4j - This is info msg
2018-07-23 16:16:31 DEBUG TestLog4j:22:com.scp.maven.TestNg.TestLog4j - This is debug msg
2018-07-23 16:16:31 TRACE TestLog4j:23:com.scp.maven.TestNg.TestLog4j - This is trace msg
2018-07-23 16:16:44 FATAL TestLog4j:18:com.scp.maven.TestNg.TestLog4j - This is fatal msg
2018-07-23 16:16:44 ERROR TestLog4j:19:com.scp.maven.TestNg.TestLog4j - This is error msg
2018-07-23 16:16:44 WARN  TestLog4j:20:com.scp.maven.TestNg.TestLog4j - This is warn msg
2018-07-23 16:16:44 INFO  TestLog4j:21:com.scp.maven.TestNg.TestLog4j - This is info msg
2018-07-23 16:16:44 DEBUG TestLog4j:22:com.scp.maven.TestNg.TestLog4j - This is debug msg
2018-07-23 16:16:44 TRACE TestLog4j:23:com.scp.maven.TestNg.TestLog4j - This is trace msg
2018-07-23 16:16:51 FATAL TestLog4j:18:com.scp.maven.TestNg.TestLog4j - This is fatal msg
2018-07-23 16:16:51 ERROR TestLog4j:19:com.scp.maven.TestNg.TestLog4j - This is error msg
2018-07-23 16:16:51 WARN  TestLog4j:20:com.scp.maven.TestNg.TestLog4j - This is warn msg
2018-07-23 16:16:52 INFO  TestLog4j:21:com.scp.maven.TestNg.TestLog4j - This is info msg
2018-07-23 16:16:52 DEBUG TestLog4j:22:com.scp.maven.TestNg.TestLog4j - This is debug msg
2018-07-23 16:16:52 TRACE TestLog4j:23:com.scp.maven.TestNg.TestLog4j - This is trace msg
2018-07-23 16:17:12 FATAL TestLog4j:18:com.scp.maven.TestNg.TestLog4j - This is fatal msg
2018-07-23 16:17:12 ERROR TestLog4j:19:com.scp.maven.TestNg.TestLog4j - This is error msg
2018-07-23 16:17:12 WARN  TestLog4j:20:com.scp.maven.TestNg.TestLog4j - This is warn msg
2018-07-23 16:17:12 INFO  TestLog4j:21:com.scp.maven.TestNg.TestLog4j - This is info msg
2018-07-23 16:17:12 DEBUG TestLog4j:22:com.scp.maven.TestNg.TestLog4j - This is debug msg
2018-07-23 16:17:12 TRACE TestLog4j:23:com.scp.maven.TestNg.TestLog4j - This is trace msg
2018-07-23 16:17:24 FATAL TestLog4j:18:com.scp.maven.TestNg.TestLog4j - This is fatal msg
2018-07-23 16:17:24 ERROR TestLog4j:19:com.scp.maven.TestNg.TestLog4j - This is error msg
2018-07-23 16:17:24 WARN  TestLog4j:20:com.scp.maven.TestNg.TestLog4j - This is warn msg
2018-07-23 16:17:24 INFO  TestLog4j:21:com.scp.maven.TestNg.TestLog4j - This is info msg
2018-07-23 16:17:24 DEBUG TestLog4j:22:com.scp.maven.TestNg.TestLog4j - This is debug msg
2018-07-23 16:17:24 TRACE TestLog4j:23:com.scp.maven.TestNg.TestLog4j - This is trace msg
2018-07-23 16:17:32 FATAL TestLog4j:18:com.scp.maven.TestNg.TestLog4j - This is fatal msg
2018-07-23 16:17:32 ERROR TestLog4j:19:com.scp.maven.TestNg.TestLog4j - This is error msg
2018-07-23 16:17:32 WARN  TestLog4j:20:com.scp.maven.TestNg.TestLog4j - This is warn msg
2018-07-23 16:17:32 INFO  TestLog4j:21:com.scp.maven.TestNg.TestLog4j - This is info msg
2018-07-23 16:17:32 DEBUG TestLog4j:22:com.scp.maven.TestNg.TestLog4j - This is debug msg
2018-07-23 16:17:32 TRACE TestLog4j:23:com.scp.maven.TestNg.TestLog4j - This is trace msg
2018-07-23 16:17:44 FATAL TestLog4j:18:com.scp.maven.TestNg.TestLog4j - This is fatal msg
2018-07-23 16:17:44 ERROR TestLog4j:19:com.scp.maven.TestNg.TestLog4j - This is error msg
2018-07-23 16:17:44 WARN  TestLog4j:20:com.scp.maven.TestNg.TestLog4j - This is warn msg
2018-07-23 16:17:44 INFO  TestLog4j:21:com.scp.maven.TestNg.TestLog4j - This is info msg
2018-07-23 16:17:44 DEBUG TestLog4j:22:com.scp.maven.TestNg.TestLog4j - This is debug msg
2018-07-23 16:17:44 TRACE TestLog4j:23:com.scp.maven.TestNg.TestLog4j - This is trace msg
2018-07-23 16:17:52 FATAL TestLog4j:18:com.scp.maven.TestNg.TestLog4j - This is fatal msg
2018-07-23 16:17:52 ERROR TestLog4j:19:com.scp.maven.TestNg.TestLog4j - This is error msg
2018-07-23 16:17:52 WARN  TestLog4j:20:com.scp.maven.TestNg.TestLog4j - This is warn msg
2018-07-23 16:17:52 INFO  TestLog4j:21:com.scp.maven.TestNg.TestLog4j - This is info msg
2018-07-23 16:17:52 DEBUG TestLog4j:22:com.scp.maven.TestNg.TestLog4j - This is debug msg
2018-07-23 16:17:52 TRACE TestLog4j:23:com.scp.maven.TestNg.TestLog4j - This is trace msg
2018-07-23 16:18:04 FATAL TestLog4j:18:com.scp.maven.TestNg.TestLog4j - This is fatal msg
2018-07-23 16:18:04 ERROR TestLog4j:19:com.scp.maven.TestNg.TestLog4j - This is error msg
2018-07-23 16:18:04 WARN  TestLog4j:20:com.scp.maven.TestNg.TestLog4j - This is warn msg
2018-07-23 16:18:04 INFO  TestLog4j:21:com.scp.maven.TestNg.TestLog4j - This is info msg
2018-07-23 16:18:04 DEBUG TestLog4j:22:com.scp.maven.TestNg.TestLog4j - This is debug msg
2018-07-23 16:18:04 TRACE TestLog4j:23:com.scp.maven.TestNg.TestLog4j - This is trace msg
2018-07-23 16:18:12 FATAL TestLog4j:18:com.scp.maven.TestNg.TestLog4j - This is fatal msg
2018-07-23 16:18:12 ERROR TestLog4j:19:com.scp.maven.TestNg.TestLog4j - This is error msg
2018-07-23 16:18:12 WARN  TestLog4j:20:com.scp.maven.TestNg.TestLog4j - This is warn msg
2018-07-23 16:18:13 INFO  TestLog4j:21:com.scp.maven.TestNg.TestLog4j - This is info msg
2018-07-23 16:18:13 DEBUG TestLog4j:22:com.scp.maven.TestNg.TestLog4j - This is debug msg
2018-07-23 16:18:13 TRACE TestLog4j:23:com.scp.maven.TestNg.TestLog4j - This is trace msg
2018-07-23 16:18:24 FATAL TestLog4j:18:com.scp.maven.TestNg.TestLog4j - This is fatal msg
2018-07-23 16:18:24 ERROR TestLog4j:19:com.scp.maven.TestNg.TestLog4j - This is error msg
2018-07-23 16:18:24 WARN  TestLog4j:20:com.scp.maven.TestNg.TestLog4j - This is warn msg
2018-07-23 16:18:24 INFO  TestLog4j:21:com.scp.maven.TestNg.TestLog4j - This is info msg
2018-07-23 16:18:24 DEBUG TestLog4j:22:com.scp.maven.TestNg.TestLog4j - This is debug msg
2018-07-23 16:18:24 TRACE TestLog4j:23:com.scp.maven.TestNg.TestLog4j - This is trace msg
2018-07-23 16:18:31 FATAL TestLog4j:18:com.scp.maven.TestNg.TestLog4j - This is fatal msg
2018-07-23 16:18:31 ERROR TestLog4j:19:com.scp.maven.TestNg.TestLog4j - This is error msg
2018-07-23 16:18:31 WARN  TestLog4j:20:com.scp.maven.TestNg.TestLog4j - This is warn msg
2018-07-23 16:18:31 INFO  TestLog4j:21:com.scp.maven.TestNg.TestLog4j - This is info msg
2018-07-23 16:18:31 DEBUG TestLog4j:22:com.scp.maven.TestNg.TestLog4j - This is debug msg
2018-07-23 16:18:31 TRACE TestLog4j:23:com.scp.maven.TestNg.TestLog4j - This is trace msg
2018-07-23 16:18:33 FATAL TestLog4j:18:com.scp.maven.TestNg.TestLog4j - This is fatal msg
2018-07-23 16:18:33 ERROR TestLog4j:19:com.scp.maven.TestNg.TestLog4j - This is error msg
2018-07-23 16:18:33 WARN  TestLog4j:20:com.scp.maven.TestNg.TestLog4j - This is warn msg
2018-07-23 16:18:33 INFO  TestLog4j:21:com.scp.maven.TestNg.TestLog4j - This is info msg
2018-07-23 16:18:33 DEBUG TestLog4j:22:com.scp.maven.TestNg.TestLog4j - This is debug msg
2018-07-23 16:18:33 TRACE TestLog4j:23:com.scp.maven.TestNg.TestLog4j - This is trace msg
2018-07-23 16:18:44 FATAL TestLog4j:18:com.scp.maven.TestNg.TestLog4j - This is fatal msg
2018-07-23 16:18:44 ERROR TestLog4j:19:com.scp.maven.TestNg.TestLog4j - This is error msg
2018-07-23 16:18:44 WARN  TestLog4j:20:com.scp.maven.TestNg.TestLog4j - This is warn msg
2018-07-23 16:18:44 INFO  TestLog4j:21:com.scp.maven.TestNg.TestLog4j - This is info msg
2018-07-23 16:18:44 DEBUG TestLog4j:22:com.scp.maven.TestNg.TestLog4j - This is debug msg
2018-07-23 16:18:44 TRACE TestLog4j:23:com.scp.maven.TestNg.TestLog4j - This is trace msg
2018-07-23 16:18:51 FATAL TestLog4j:18:com.scp.maven.TestNg.TestLog4j - This is fatal msg
2018-07-23 16:18:51 ERROR TestLog4j:19:com.scp.maven.TestNg.TestLog4j - This is error msg
2018-07-23 16:18:51 WARN  TestLog4j:20:com.scp.maven.TestNg.TestLog4j - This is warn msg
2018-07-23 16:18:51 INFO  TestLog4j:21:com.scp.maven.TestNg.TestLog4j - This is info msg
2018-07-23 16:18:51 DEBUG TestLog4j:22:com.scp.maven.TestNg.TestLog4j - This is debug msg
2018-07-23 16:18:51 TRACE TestLog4j:23:com.scp.maven.TestNg.TestLog4j - This is trace msg
2018-07-23 16:19:02 FATAL TestLog4j:18:com.scp.maven.TestNg.TestLog4j - This is fatal msg
2018-07-23 16:19:03 FATAL TestLog4j:18:com.scp.maven.TestNg.TestLog4j - This is fatal msg
2018-07-23 16:19:03 ERROR TestLog4j:19:com.scp.maven.TestNg.TestLog4j - This is error msg
2018-07-23 16:19:03 WARN  TestLog4j:20:com.scp.maven.TestNg.TestLog4j - This is warn msg
2018-07-23 16:19:03 INFO  TestLog4j:21:com.scp.maven.TestNg.TestLog4j - This is info msg
2018-07-23 16:19:03 DEBUG TestLog4j:22:com.scp.maven.TestNg.TestLog4j - This is debug msg
2018-07-23 16:19:03 ERROR TestLog4j:19:com.scp.maven.TestNg.TestLog4j - This is error msg
2018-07-23 16:19:03 TRACE TestLog4j:23:com.scp.maven.TestNg.TestLog4j - This is trace msg
2018-07-23 16:19:03 WARN  TestLog4j:20:com.scp.maven.TestNg.TestLog4j - This is warn msg
2018-07-23 16:19:03 INFO  TestLog4j:21:com.scp.maven.TestNg.TestLog4j - This is info msg
2018-07-23 16:19:03 DEBUG TestLog4j:22:com.scp.maven.TestNg.TestLog4j - This is debug msg
2018-07-23 16:19:03 TRACE TestLog4j:23:com.scp.maven.TestNg.TestLog4j - This is trace msg
2018-07-23 16:19:04 FATAL TestLog4j:18:com.scp.maven.TestNg.TestLog4j - This is fatal msg
2018-07-23 16:19:04 ERROR TestLog4j:19:com.scp.maven.TestNg.TestLog4j - This is error msg
2018-07-23 16:19:04 WARN  TestLog4j:20:com.scp.maven.TestNg.TestLog4j - This is warn msg
2018-07-23 16:19:04 INFO  TestLog4j:21:com.scp.maven.TestNg.TestLog4j - This is info msg
2018-07-23 16:19:04 DEBUG TestLog4j:22:com.scp.maven.TestNg.TestLog4j - This is debug msg
2018-07-23 16:19:04 TRACE TestLog4j:23:com.scp.maven.TestNg.TestLog4j - This is trace msg
2018-07-23 16:19:11 FATAL TestLog4j:18:com.scp.maven.TestNg.TestLog4j - This is fatal msg
2018-07-23 16:19:11 ERROR TestLog4j:19:com.scp.maven.TestNg.TestLog4j - This is error msg
2018-07-23 16:19:11 WARN  TestLog4j:20:com.scp.maven.TestNg.TestLog4j - This is warn msg
2018-07-23 16:19:11 INFO  TestLog4j:21:com.scp.maven.TestNg.TestLog4j - This is info msg
2018-07-23 16:19:11 DEBUG TestLog4j:22:com.scp.maven.TestNg.TestLog4j - This is debug msg
2018-07-23 16:19:11 TRACE TestLog4j:23:com.scp.maven.TestNg.TestLog4j - This is trace msg
2018-07-23 16:19:23 FATAL TestLog4j:18:com.scp.maven.TestNg.TestLog4j - This is fatal msg
2018-07-23 16:19:23 ERROR TestLog4j:19:com.scp.maven.TestNg.TestLog4j - This is error msg
2018-07-23 16:19:23 WARN  TestLog4j:20:com.scp.maven.TestNg.TestLog4j - This is warn msg
2018-07-23 16:19:23 FATAL TestLog4j:18:com.scp.maven.TestNg.TestLog4j - This is fatal msg
2018-07-23 16:19:23 INFO  TestLog4j:21:com.scp.maven.TestNg.TestLog4j - This is info msg
2018-07-23 16:19:23 ERROR TestLog4j:19:com.scp.maven.TestNg.TestLog4j - This is error msg
2018-07-23 16:19:23 DEBUG TestLog4j:22:com.scp.maven.TestNg.TestLog4j - This is debug msg
2018-07-23 16:19:23 WARN  TestLog4j:20:com.scp.maven.TestNg.TestLog4j - This is warn msg
2018-07-23 16:19:23 TRACE TestLog4j:23:com.scp.maven.TestNg.TestLog4j - This is trace msg
2018-07-23 16:19:24 INFO  TestLog4j:21:com.scp.maven.TestNg.TestLog4j - This is info msg
2018-07-23 16:19:24 DEBUG TestLog4j:22:com.scp.maven.TestNg.TestLog4j - This is debug msg
2018-07-23 16:19:24 TRACE TestLog4j:23:com.scp.maven.TestNg.TestLog4j - This is trace msg
2018-07-23 16:19:24 FATAL TestLog4j:18:com.scp.maven.TestNg.TestLog4j - This is fatal msg
2018-07-23 16:19:24 ERROR TestLog4j:19:com.scp.maven.TestNg.TestLog4j - This is error msg
2018-07-23 16:19:24 WARN  TestLog4j:20:com.scp.maven.TestNg.TestLog4j - This is warn msg
2018-07-23 16:19:24 INFO  TestLog4j:21:com.scp.maven.TestNg.TestLog4j - This is info msg
2018-07-23 16:19:24 DEBUG TestLog4j:22:com.scp.maven.TestNg.TestLog4j - This is debug msg
2018-07-23 16:19:24 TRACE TestLog4j:23:com.scp.maven.TestNg.TestLog4j - This is trace msg
2018-07-23 16:19:31 FATAL TestLog4j:18:com.scp.maven.TestNg.TestLog4j - This is fatal msg
2018-07-23 16:19:31 ERROR TestLog4j:19:com.scp.maven.TestNg.TestLog4j - This is error msg
2018-07-23 16:19:31 WARN  TestLog4j:20:com.scp.maven.TestNg.TestLog4j - This is warn msg
2018-07-23 16:19:31 INFO  TestLog4j:21:com.scp.maven.TestNg.TestLog4j - This is info msg
2018-07-23 16:19:31 DEBUG TestLog4j:22:com.scp.maven.TestNg.TestLog4j - This is debug msg
2018-07-23 16:19:31 TRACE TestLog4j:23:com.scp.maven.TestNg.TestLog4j - This is trace msg
2018-07-23 16:19:44 FATAL TestLog4j:18:com.scp.maven.TestNg.TestLog4j - This is fatal msg
2018-07-23 16:19:44 ERROR TestLog4j:19:com.scp.maven.TestNg.TestLog4j - This is error msg
2018-07-23 16:19:44 WARN  TestLog4j:20:com.scp.maven.TestNg.TestLog4j - This is warn msg
2018-07-23 16:19:44 INFO  TestLog4j:21:com.scp.maven.TestNg.TestLog4j - This is info msg
2018-07-23 16:19:44 DEBUG TestLog4j:22:com.scp.maven.TestNg.TestLog4j - This is debug msg
2018-07-23 16:19:44 TRACE TestLog4j:23:com.scp.maven.TestNg.TestLog4j - This is trace msg
2018-07-23 16:19:44 FATAL TestLog4j:18:com.scp.maven.TestNg.TestLog4j - This is fatal msg
2018-07-23 16:19:44 ERROR TestLog4j:19:com.scp.maven.TestNg.TestLog4j - This is error msg
2018-07-23 16:19:44 WARN  TestLog4j:20:com.scp.maven.TestNg.TestLog4j - This is warn msg
2018-07-23 16:19:44 INFO  TestLog4j:21:com.scp.maven.TestNg.TestLog4j - This is info msg
2018-07-23 16:19:44 DEBUG TestLog4j:22:com.scp.maven.TestNg.TestLog4j - This is debug msg
2018-07-23 16:19:44 TRACE TestLog4j:23:com.scp.maven.TestNg.TestLog4j - This is trace msg
2018-07-23 16:19:44 FATAL TestLog4j:18:com.scp.maven.TestNg.TestLog4j - This is fatal msg
2018-07-23 16:19:44 ERROR TestLog4j:19:com.scp.maven.TestNg.TestLog4j - This is error msg
2018-07-23 16:19:44 WARN  TestLog4j:20:com.scp.maven.TestNg.TestLog4j - This is warn msg
2018-07-23 16:19:44 INFO  TestLog4j:21:com.scp.maven.TestNg.TestLog4j - This is info msg
2018-07-23 16:19:44 DEBUG TestLog4j:22:com.scp.maven.TestNg.TestLog4j - This is debug msg
2018-07-23 16:19:44 TRACE TestLog4j:23:com.scp.maven.TestNg.TestLog4j - This is trace msg
2018-07-23 16:19:51 FATAL TestLog4j:18:com.scp.maven.TestNg.TestLog4j - This is fatal msg
2018-07-23 16:19:51 ERROR TestLog4j:19:com.scp.maven.TestNg.TestLog4j - This is error msg
2018-07-23 16:19:51 WARN  TestLog4j:20:com.scp.maven.TestNg.TestLog4j - This is warn msg
2018-07-23 16:19:51 INFO  TestLog4j:21:com.scp.maven.TestNg.TestLog4j - This is info msg
2018-07-23 16:19:51 DEBUG TestLog4j:22:com.scp.maven.TestNg.TestLog4j - This is debug msg
2018-07-23 16:19:51 TRACE TestLog4j:23:com.scp.maven.TestNg.TestLog4j - This is trace msg
2018-07-23 16:20:04 FATAL TestLog4j:18:com.scp.maven.TestNg.TestLog4j - This is fatal msg
2018-07-23 16:20:04 ERROR TestLog4j:19:com.scp.maven.TestNg.TestLog4j - This is error msg
2018-07-23 16:20:04 WARN  TestLog4j:20:com.scp.maven.TestNg.TestLog4j - This is warn msg
2018-07-23 16:20:04 INFO  TestLog4j:21:com.scp.maven.TestNg.TestLog4j - This is info msg
2018-07-23 16:20:04 DEBUG TestLog4j:22:com.scp.maven.TestNg.TestLog4j - This is debug msg
2018-07-23 16:20:04 TRACE TestLog4j:23:com.scp.maven.TestNg.TestLog4j - This is trace msg
2018-07-23 16:20:04 FATAL TestLog4j:18:com.scp.maven.TestNg.TestLog4j - This is fatal msg
2018-07-23 16:20:04 ERROR TestLog4j:19:com.scp.maven.TestNg.TestLog4j - This is error msg
2018-07-23 16:20:04 WARN  TestLog4j:20:com.scp.maven.TestNg.TestLog4j - This is warn msg
2018-07-23 16:20:04 INFO  TestLog4j:21:com.scp.maven.TestNg.TestLog4j - This is info msg
2018-07-23 16:20:04 DEBUG TestLog4j:22:com.scp.maven.TestNg.TestLog4j - This is debug msg
2018-07-23 16:20:04 TRACE TestLog4j:23:com.scp.maven.TestNg.TestLog4j - This is trace msg
2018-07-23 16:20:04 FATAL TestLog4j:18:com.scp.maven.TestNg.TestLog4j - This is fatal msg
2018-07-23 16:20:04 ERROR TestLog4j:19:com.scp.maven.TestNg.TestLog4j - This is error msg
2018-07-23 16:20:04 WARN  TestLog4j:20:com.scp.maven.TestNg.TestLog4j - This is warn msg
2018-07-23 16:20:04 INFO  TestLog4j:21:com.scp.maven.TestNg.TestLog4j - This is info msg
2018-07-23 16:20:04 DEBUG TestLog4j:22:com.scp.maven.TestNg.TestLog4j - This is debug msg
2018-07-23 16:20:04 TRACE TestLog4j:23:com.scp.maven.TestNg.TestLog4j - This is trace msg
2018-07-23 16:20:11 FATAL TestLog4j:18:com.scp.maven.TestNg.TestLog4j - This is fatal msg
2018-07-23 16:20:11 ERROR TestLog4j:19:com.scp.maven.TestNg.TestLog4j - This is error msg
2018-07-23 16:20:11 WARN  TestLog4j:20:com.scp.maven.TestNg.TestLog4j - This is warn msg
2018-07-23 16:20:11 INFO  TestLog4j:21:com.scp.maven.TestNg.TestLog4j - This is info msg
2018-07-23 16:20:11 DEBUG TestLog4j:22:com.scp.maven.TestNg.TestLog4j - This is debug msg
2018-07-23 16:20:11 TRACE TestLog4j:23:com.scp.maven.TestNg.TestLog4j - This is trace msg
2018-07-23 16:20:24 FATAL TestLog4j:18:com.scp.maven.TestNg.TestLog4j - This is fatal msg
2018-07-23 16:20:24 ERROR TestLog4j:19:com.scp.maven.TestNg.TestLog4j - This is error msg
2018-07-23 16:20:24 WARN  TestLog4j:20:com.scp.maven.TestNg.TestLog4j - This is warn msg
2018-07-23 16:20:24 INFO  TestLog4j:21:com.scp.maven.TestNg.TestLog4j - This is info msg
2018-07-23 16:20:24 DEBUG TestLog4j:22:com.scp.maven.TestNg.TestLog4j - This is debug msg
2018-07-23 16:20:24 TRACE TestLog4j:23:com.scp.maven.TestNg.TestLog4j - This is trace msg
2018-07-23 16:20:24 FATAL TestLog4j:18:com.scp.maven.TestNg.TestLog4j - This is fatal msg
2018-07-23 16:20:24 FATAL TestLog4j:18:com.scp.maven.TestNg.TestLog4j - This is fatal msg
2018-07-23 16:20:24 ERROR TestLog4j:19:com.scp.maven.TestNg.TestLog4j - This is error msg
2018-07-23 16:20:24 WARN  TestLog4j:20:com.scp.maven.TestNg.TestLog4j - This is warn msg
2018-07-23 16:20:24 INFO  TestLog4j:21:com.scp.maven.TestNg.TestLog4j - This is info msg
2018-07-23 16:20:24 DEBUG TestLog4j:22:com.scp.maven.TestNg.TestLog4j - This is debug msg
2018-07-23 16:20:24 TRACE TestLog4j:23:com.scp.maven.TestNg.TestLog4j - This is trace msg
2018-07-23 16:20:24 ERROR TestLog4j:19:com.scp.maven.TestNg.TestLog4j - This is error msg
2018-07-23 16:20:24 WARN  TestLog4j:20:com.scp.maven.TestNg.TestLog4j - This is warn msg
2018-07-23 16:20:24 INFO  TestLog4j:21:com.scp.maven.TestNg.TestLog4j - This is info msg
2018-07-23 16:20:24 DEBUG TestLog4j:22:com.scp.maven.TestNg.TestLog4j - This is debug msg
2018-07-23 16:20:24 TRACE TestLog4j:23:com.scp.maven.TestNg.TestLog4j - This is trace msg
2018-07-23 16:20:31 FATAL TestLog4j:18:com.scp.maven.TestNg.TestLog4j - This is fatal msg
2018-07-23 16:20:31 ERROR TestLog4j:19:com.scp.maven.TestNg.TestLog4j - This is error msg
2018-07-23 16:20:31 WARN  TestLog4j:20:com.scp.maven.TestNg.TestLog4j - This is warn msg
2018-07-23 16:20:31 INFO  TestLog4j:21:com.scp.maven.TestNg.TestLog4j - This is info msg
2018-07-23 16:20:31 DEBUG TestLog4j:22:com.scp.maven.TestNg.TestLog4j - This is debug msg
2018-07-23 16:20:31 TRACE TestLog4j:23:com.scp.maven.TestNg.TestLog4j - This is trace msg
2018-07-23 16:20:44 FATAL TestLog4j:18:com.scp.maven.TestNg.TestLog4j - This is fatal msg
2018-07-23 16:20:44 FATAL TestLog4j:18:com.scp.maven.TestNg.TestLog4j - This is fatal msg
2018-07-23 16:20:44 ERROR TestLog4j:19:com.scp.maven.TestNg.TestLog4j - This is error msg
2018-07-23 16:20:44 WARN  TestLog4j:20:com.scp.maven.TestNg.TestLog4j - This is warn msg
2018-07-23 16:20:44 INFO  TestLog4j:21:com.scp.maven.TestNg.TestLog4j - This is info msg
2018-07-23 16:20:44 DEBUG TestLog4j:22:com.scp.maven.TestNg.TestLog4j - This is debug msg
2018-07-23 16:20:44 TRACE TestLog4j:23:com.scp.maven.TestNg.TestLog4j - This is trace msg
2018-07-23 16:20:44 ERROR TestLog4j:19:com.scp.maven.TestNg.TestLog4j - This is error msg
2018-07-23 16:20:44 WARN  TestLog4j:20:com.scp.maven.TestNg.TestLog4j - This is warn msg
2018-07-23 16:20:44 INFO  TestLog4j:21:com.scp.maven.TestNg.TestLog4j - This is info msg
2018-07-23 16:20:44 DEBUG TestLog4j:22:com.scp.maven.TestNg.TestLog4j - This is debug msg
2018-07-23 16:20:44 TRACE TestLog4j:23:com.scp.maven.TestNg.TestLog4j - This is trace msg
2018-07-23 16:20:44 FATAL TestLog4j:18:com.scp.maven.TestNg.TestLog4j - This is fatal msg
2018-07-23 16:20:44 ERROR TestLog4j:19:com.scp.maven.TestNg.TestLog4j - This is error msg
2018-07-23 16:20:44 WARN  TestLog4j:20:com.scp.maven.TestNg.TestLog4j - This is warn msg
2018-07-23 16:20:44 INFO  TestLog4j:21:com.scp.maven.TestNg.TestLog4j - This is info msg
2018-07-23 16:20:45 DEBUG TestLog4j:22:com.scp.maven.TestNg.TestLog4j - This is debug msg
2018-07-23 16:20:45 TRACE TestLog4j:23:com.scp.maven.TestNg.TestLog4j - This is trace msg
2018-07-23 16:20:51 FATAL TestLog4j:18:com.scp.maven.TestNg.TestLog4j - This is fatal msg
2018-07-23 16:20:51 ERROR TestLog4j:19:com.scp.maven.TestNg.TestLog4j - This is error msg
2018-07-23 16:20:51 WARN  TestLog4j:20:com.scp.maven.TestNg.TestLog4j - This is warn msg
2018-07-23 16:20:51 INFO  TestLog4j:21:com.scp.maven.TestNg.TestLog4j - This is info msg
2018-07-23 16:20:51 DEBUG TestLog4j:22:com.scp.maven.TestNg.TestLog4j - This is debug msg
2018-07-23 16:20:51 TRACE TestLog4j:23:com.scp.maven.TestNg.TestLog4j - This is trace msg
2018-07-23 16:21:04 FATAL TestLog4j:18:com.scp.maven.TestNg.TestLog4j - This is fatal msg
2018-07-23 16:21:04 ERROR TestLog4j:19:com.scp.maven.TestNg.TestLog4j - This is error msg
2018-07-23 16:21:05 WARN  TestLog4j:20:com.scp.maven.TestNg.TestLog4j - This is warn msg
2018-07-23 16:21:05 INFO  TestLog4j:21:com.scp.maven.TestNg.TestLog4j - This is info msg
2018-07-23 16:21:05 DEBUG TestLog4j:22:com.scp.maven.TestNg.TestLog4j - This is debug msg
2018-07-23 16:21:05 FATAL TestLog4j:18:com.scp.maven.TestNg.TestLog4j - This is fatal msg
2018-07-23 16:21:05 TRACE TestLog4j:23:com.scp.maven.TestNg.TestLog4j - This is trace msg
2018-07-23 16:21:05 ERROR TestLog4j:19:com.scp.maven.TestNg.TestLog4j - This is error msg
2018-07-23 16:21:05 WARN  TestLog4j:20:com.scp.maven.TestNg.TestLog4j - This is warn msg
2018-07-23 16:21:05 INFO  TestLog4j:21:com.scp.maven.TestNg.TestLog4j - This is info msg
2018-07-23 16:21:05 DEBUG TestLog4j:22:com.scp.maven.TestNg.TestLog4j - This is debug msg
2018-07-23 16:21:05 TRACE TestLog4j:23:com.scp.maven.TestNg.TestLog4j - This is trace msg
2018-07-23 16:21:11 FATAL TestLog4j:18:com.scp.maven.TestNg.TestLog4j - This is fatal msg
2018-07-23 16:21:11 ERROR TestLog4j:19:com.scp.maven.TestNg.TestLog4j - This is error msg
2018-07-23 16:21:11 WARN  TestLog4j:20:com.scp.maven.TestNg.TestLog4j - This is warn msg
2018-07-23 16:21:11 INFO  TestLog4j:21:com.scp.maven.TestNg.TestLog4j - This is info msg
2018-07-23 16:21:11 DEBUG TestLog4j:22:com.scp.maven.TestNg.TestLog4j - This is debug msg
2018-07-23 16:21:11 TRACE TestLog4j:23:com.scp.maven.TestNg.TestLog4j - This is trace msg
2018-07-23 16:21:25 FATAL TestLog4j:18:com.scp.maven.TestNg.TestLog4j - This is fatal msg
2018-07-23 16:21:25 ERROR TestLog4j:19:com.scp.maven.TestNg.TestLog4j - This is error msg
2018-07-23 16:21:25 WARN  TestLog4j:20:com.scp.maven.TestNg.TestLog4j - This is warn msg
2018-07-23 16:21:25 INFO  TestLog4j:21:com.scp.maven.TestNg.TestLog4j - This is info msg
2018-07-23 16:21:25 DEBUG TestLog4j:22:com.scp.maven.TestNg.TestLog4j - This is debug msg
2018-07-23 16:21:25 FATAL TestLog4j:18:com.scp.maven.TestNg.TestLog4j - This is fatal msg
2018-07-23 16:21:25 TRACE TestLog4j:23:com.scp.maven.TestNg.TestLog4j - This is trace msg
2018-07-23 16:21:25 ERROR TestLog4j:19:com.scp.maven.TestNg.TestLog4j - This is error msg
2018-07-23 16:21:25 WARN  TestLog4j:20:com.scp.maven.TestNg.TestLog4j - This is warn msg
2018-07-23 16:21:25 INFO  TestLog4j:21:com.scp.maven.TestNg.TestLog4j - This is info msg
2018-07-23 16:21:25 DEBUG TestLog4j:22:com.scp.maven.TestNg.TestLog4j - This is debug msg
2018-07-23 16:21:25 TRACE TestLog4j:23:com.scp.maven.TestNg.TestLog4j - This is trace msg
2018-07-23 16:21:31 FATAL TestLog4j:18:com.scp.maven.TestNg.TestLog4j - This is fatal msg
2018-07-23 16:21:31 ERROR TestLog4j:19:com.scp.maven.TestNg.TestLog4j - This is error msg
2018-07-23 16:21:31 WARN  TestLog4j:20:com.scp.maven.TestNg.TestLog4j - This is warn msg
2018-07-23 16:21:31 INFO  TestLog4j:21:com.scp.maven.TestNg.TestLog4j - This is info msg
2018-07-23 16:21:31 DEBUG TestLog4j:22:com.scp.maven.TestNg.TestLog4j - This is debug msg
2018-07-23 16:21:31 TRACE TestLog4j:23:com.scp.maven.TestNg.TestLog4j - This is trace msg
2018-07-23 16:21:45 FATAL TestLog4j:18:com.scp.maven.TestNg.TestLog4j - This is fatal msg
2018-07-23 16:21:45 ERROR TestLog4j:19:com.scp.maven.TestNg.TestLog4j - This is error msg
2018-07-23 16:21:45 WARN  TestLog4j:20:com.scp.maven.TestNg.TestLog4j - This is warn msg
2018-07-23 16:21:45 FATAL TestLog4j:18:com.scp.maven.TestNg.TestLog4j - This is fatal msg
2018-07-23 16:21:45 INFO  TestLog4j:21:com.scp.maven.TestNg.TestLog4j - This is info msg
2018-07-23 16:21:45 ERROR TestLog4j:19:com.scp.maven.TestNg.TestLog4j - This is error msg
2018-07-23 16:21:45 DEBUG TestLog4j:22:com.scp.maven.TestNg.TestLog4j - This is debug msg
2018-07-23 16:21:45 WARN  TestLog4j:20:com.scp.maven.TestNg.TestLog4j - This is warn msg
2018-07-23 16:21:45 TRACE TestLog4j:23:com.scp.maven.TestNg.TestLog4j - This is trace msg
2018-07-23 16:21:45 INFO  TestLog4j:21:com.scp.maven.TestNg.TestLog4j - This is info msg
2018-07-23 16:21:45 DEBUG TestLog4j:22:com.scp.maven.TestNg.TestLog4j - This is debug msg
2018-07-23 16:21:45 TRACE TestLog4j:23:com.scp.maven.TestNg.TestLog4j - This is trace msg
2018-07-23 16:21:51 FATAL TestLog4j:18:com.scp.maven.TestNg.TestLog4j - This is fatal msg
2018-07-23 16:21:51 ERROR TestLog4j:19:com.scp.maven.TestNg.TestLog4j - This is error msg
2018-07-23 16:21:51 WARN  TestLog4j:20:com.scp.maven.TestNg.TestLog4j - This is warn msg
2018-07-23 16:21:51 INFO  TestLog4j:21:com.scp.maven.TestNg.TestLog4j - This is info msg
2018-07-23 16:21:51 DEBUG TestLog4j:22:com.scp.maven.TestNg.TestLog4j - This is debug msg
2018-07-23 16:21:51 TRACE TestLog4j:23:com.scp.maven.TestNg.TestLog4j - This is trace msg
2018-07-23 16:22:05 FATAL TestLog4j:18:com.scp.maven.TestNg.TestLog4j - This is fatal msg
2018-07-23 16:22:05 ERROR TestLog4j:19:com.scp.maven.TestNg.TestLog4j - This is error msg
2018-07-23 16:22:05 FATAL TestLog4j:18:com.scp.maven.TestNg.TestLog4j - This is fatal msg
2018-07-23 16:22:05 WARN  TestLog4j:20:com.scp.maven.TestNg.TestLog4j - This is warn msg
2018-07-23 16:22:05 ERROR TestLog4j:19:com.scp.maven.TestNg.TestLog4j - This is error msg
2018-07-23 16:22:05 INFO  TestLog4j:21:com.scp.maven.TestNg.TestLog4j - This is info msg
2018-07-23 16:22:05 WARN  TestLog4j:20:com.scp.maven.TestNg.TestLog4j - This is warn msg
2018-07-23 16:22:05 DEBUG TestLog4j:22:com.scp.maven.TestNg.TestLog4j - This is debug msg
2018-07-23 16:22:05 INFO  TestLog4j:21:com.scp.maven.TestNg.TestLog4j - This is info msg
2018-07-23 16:22:05 TRACE TestLog4j:23:com.scp.maven.TestNg.TestLog4j - This is trace msg
2018-07-23 16:22:05 DEBUG TestLog4j:22:com.scp.maven.TestNg.TestLog4j - This is debug msg
2018-07-23 16:22:06 TRACE TestLog4j:23:com.scp.maven.TestNg.TestLog4j - This is trace msg
2018-07-23 16:22:26 FATAL TestLog4j:18:com.scp.maven.TestNg.TestLog4j - This is fatal msg
2018-07-23 16:22:26 FATAL TestLog4j:18:com.scp.maven.TestNg.TestLog4j - This is fatal msg
2018-07-23 16:22:26 ERROR TestLog4j:19:com.scp.maven.TestNg.TestLog4j - This is error msg
2018-07-23 16:22:26 ERROR TestLog4j:19:com.scp.maven.TestNg.TestLog4j - This is error msg
2018-07-23 16:22:26 WARN  TestLog4j:20:com.scp.maven.TestNg.TestLog4j - This is warn msg
2018-07-23 16:22:26 WARN  TestLog4j:20:com.scp.maven.TestNg.TestLog4j - This is warn msg
2018-07-23 16:22:26 INFO  TestLog4j:21:com.scp.maven.TestNg.TestLog4j - This is info msg
2018-07-23 16:22:26 INFO  TestLog4j:21:com.scp.maven.TestNg.TestLog4j - This is info msg
2018-07-23 16:22:26 DEBUG TestLog4j:22:com.scp.maven.TestNg.TestLog4j - This is debug msg
2018-07-23 16:22:26 DEBUG TestLog4j:22:com.scp.maven.TestNg.TestLog4j - This is debug msg
2018-07-23 16:22:26 TRACE TestLog4j:23:com.scp.maven.TestNg.TestLog4j - This is trace msg
2018-07-23 16:22:26 TRACE TestLog4j:23:com.scp.maven.TestNg.TestLog4j - This is trace msg
2018-07-25 11:43:36 FATAL TestLog4j:18:com.scp.maven.TestNg.TestLog4j - This is fatal msg
2018-07-25 11:43:37 ERROR TestLog4j:19:com.scp.maven.TestNg.TestLog4j - This is error msg
2018-07-25 11:43:37 WARN  TestLog4j:20:com.scp.maven.TestNg.TestLog4j - This is warn msg
2018-07-25 11:43:37 INFO  TestLog4j:21:com.scp.maven.TestNg.TestLog4j - This is info msg
2018-07-25 11:43:57 FATAL TestLog4j:18:com.scp.maven.TestNg.TestLog4j - This is fatal msg
2018-07-25 11:43:58 ERROR TestLog4j:19:com.scp.maven.TestNg.TestLog4j - This is error msg
2018-07-25 11:43:58 WARN  TestLog4j:20:com.scp.maven.TestNg.TestLog4j - This is warn msg
2018-07-25 11:43:58 INFO  TestLog4j:21:com.scp.maven.TestNg.TestLog4j - This is info msg
2018-07-25 11:44:18 FATAL TestLog4j:18:com.scp.maven.TestNg.TestLog4j - This is fatal msg
2018-07-25 11:44:18 ERROR TestLog4j:19:com.scp.maven.TestNg.TestLog4j - This is error msg
2018-07-25 11:44:18 WARN  TestLog4j:20:com.scp.maven.TestNg.TestLog4j - This is warn msg
2018-07-25 11:44:18 INFO  TestLog4j:21:com.scp.maven.TestNg.TestLog4j - This is info msg
2018-07-25 11:44:38 FATAL TestLog4j:18:com.scp.maven.TestNg.TestLog4j - This is fatal msg
2018-07-25 11:44:38 ERROR TestLog4j:19:com.scp.maven.TestNg.TestLog4j - This is error msg
2018-07-25 11:44:38 WARN  TestLog4j:20:com.scp.maven.TestNg.TestLog4j - This is warn msg
2018-07-25 11:44:38 INFO  TestLog4j:21:com.scp.maven.TestNg.TestLog4j - This is info msg
